[24 Sep 2020 09:16:23.391]  User Message: org.json.JSONException Exception occured while Creating New Issues

Exception Class : org.json.JSONException
Exception Message : A JSONObject text must begin with '{' at 1 [character 2 line 1]
Exception Cause : null

StackTrace:
	org.json.JSONTokener.syntaxError(JSONTokener.java:432)
	org.json.JSONObject.<init>(JSONObject.java:184)
	org.json.JSONObject.<init>(JSONObject.java:310)
	app.captureEasy.UI.BugPanel.submitBug(BugPanel.java:583)
	app.captureEasy.UI.BugPanel$10.actionPerformed(BugPanel.java:344)
	javax.swing.AbstractButton.fireActionPerformed(Unknown Source)
	javax.swing.AbstractButton$Handler.actionPerformed(Unknown Source)
	javax.swing.DefaultButtonModel.fireActionPerformed(Unknown Source)
	javax.swing.DefaultButtonModel.setPressed(Unknown Source)
	javax.swing.plaf.basic.BasicButtonListener.mouseReleased(Unknown Source)
	java.awt.Component.processMouseEvent(Unknown Source)
	javax.swing.JComponent.processMouseEvent(Unknown Source)
	java.awt.Component.processEvent(Unknown Source)
	java.awt.Container.processEvent(Unknown Source)
	java.awt.Component.dispatchEventImpl(Unknown Source)
	java.awt.Container.dispatchEventImpl(Unknown Source)
	java.awt.Component.dispatchEvent(Unknown Source)
	java.awt.LightweightDispatcher.retargetMouseEvent(Unknown Source)
	java.awt.LightweightDispatcher.processMouseEvent(Unknown Source)
	java.awt.LightweightDispatcher.dispatchEvent(Unknown Source)
	java.awt.Container.dispatchEventImpl(Unknown Source)
	java.awt.Window.dispatchEventImpl(Unknown Source)
	java.awt.Component.dispatchEvent(Unknown Source)
	java.awt.EventQueue.dispatchEventImpl(Unknown Source)
	java.awt.EventQueue.access$500(Unknown Source)
	java.awt.EventQueue$3.run(Unknown Source)
	java.awt.EventQueue$3.run(Unknown Source)
	java.security.AccessController.doPrivileged(Native Method)
	java.security.ProtectionDomain$JavaSecurityAccessImpl.doIntersectionPrivilege(Unknown Source)
	java.security.ProtectionDomain$JavaSecurityAccessImpl.doIntersectionPrivilege(Unknown Source)
	java.awt.EventQueue$4.run(Unknown Source)
	java.awt.EventQueue$4.run(Unknown Source)
	java.security.AccessController.doPrivileged(Native Method)
	java.security.ProtectionDomain$JavaSecurityAccessImpl.doIntersectionPrivilege(Unknown Source)
	java.awt.EventQueue.dispatchEvent(Unknown Source)
	java.awt.EventDispatchThread.pumpOneEventForFilters(Unknown Source)
	java.awt.EventDispatchThread.pumpEventsForFilter(Unknown Source)
	java.awt.EventDispatchThread.pumpEventsForHierarchy(Unknown Source)
	java.awt.EventDispatchThread.pumpEvents(Unknown Source)
	java.awt.EventDispatchThread.pumpEvents(Unknown Source)
	java.awt.EventDispatchThread.run(Unknown Source)

[24 Sep 2020 09:35:19.659]  User Message: Exception Occured on connecting web server...

Exception Class : java.net.UnknownHostException
Exception Message : api.github.com
Exception Cause : null

StackTrace:
	java.net.AbstractPlainSocketImpl.connect(Unknown Source)
	java.net.PlainSocketImpl.connect(Unknown Source)
	java.net.SocksSocketImpl.connect(Unknown Source)
	java.net.Socket.connect(Unknown Source)
	sun.security.ssl.SSLSocketImpl.connect(Unknown Source)
	sun.security.ssl.BaseSSLSocketImpl.connect(Unknown Source)
	sun.net.NetworkClient.doConnect(Unknown Source)
	sun.net.www.http.HttpClient.openServer(Unknown Source)
	sun.net.www.http.HttpClient.openServer(Unknown Source)
	sun.net.www.protocol.https.HttpsClient.<init>(Unknown Source)
	sun.net.www.protocol.https.HttpsClient.New(Unknown Source)
	sun.net.www.protocol.https.AbstractDelegateHttpsURLConnection.getNewHttpClient(Unknown Source)
	sun.net.www.protocol.http.HttpURLConnection.plainConnect0(Unknown Source)
	sun.net.www.protocol.http.HttpURLConnection.plainConnect(Unknown Source)
	sun.net.www.protocol.https.AbstractDelegateHttpsURLConnection.connect(Unknown Source)
	sun.net.www.protocol.http.HttpURLConnection.getInputStream0(Unknown Source)
	sun.net.www.protocol.http.HttpURLConnection.getInputStream(Unknown Source)
	sun.net.www.protocol.https.HttpsURLConnectionImpl.getInputStream(Unknown Source)
	java.net.URL.openStream(Unknown Source)
	app.captureEasy.web.SoftwareUpdate.GET(SoftwareUpdate.java:74)
	app.captureEasy.web.SoftwareUpdate.checkForUpdates(SoftwareUpdate.java:59)
	app.captureEasy.Launch.Application$1.run(Application.java:153)
	java.util.TimerThread.mainLoop(Unknown Source)
	java.util.TimerThread.run(Unknown Source)

[24 Sep 2020 09:35:44.237]  User Message: org.json.JSONException Exception occured while fetching Issues

Exception Class : org.json.JSONException
Exception Message : A JSONArray text must start with '[' at 1 [character 2 line 1]
Exception Cause : null

StackTrace:
	org.json.JSONTokener.syntaxError(JSONTokener.java:432)
	org.json.JSONArray.<init>(JSONArray.java:107)
	org.json.JSONArray.<init>(JSONArray.java:145)
	app.captureEasy.UI.BugTableModel.<init>(BugPanel.java:806)
	app.captureEasy.UI.BugPanel$17.run(BugPanel.java:752)
	java.awt.event.InvocationEvent.dispatch(Unknown Source)
	java.awt.EventQueue.dispatchEventImpl(Unknown Source)
	java.awt.EventQueue.access$500(Unknown Source)
	java.awt.EventQueue$3.run(Unknown Source)
	java.awt.EventQueue$3.run(Unknown Source)
	java.security.AccessController.doPrivileged(Native Method)
	java.security.ProtectionDomain$JavaSecurityAccessImpl.doIntersectionPrivilege(Unknown Source)
	java.awt.EventQueue.dispatchEvent(Unknown Source)
	java.awt.EventDispatchThread.pumpOneEventForFilters(Unknown Source)
	java.awt.EventDispatchThread.pumpEventsForFilter(Unknown Source)
	java.awt.EventDispatchThread.pumpEventsForHierarchy(Unknown Source)
	java.awt.EventDispatchThread.pumpEvents(Unknown Source)
	java.awt.EventDispatchThread.pumpEvents(Unknown Source)
	java.awt.EventDispatchThread.run(Unknown Source)

[24 Sep 2020 09:36:46.595]  User Message: Exception Occured on connecting web server...

Exception Class : java.net.UnknownHostException
Exception Message : api.github.com
Exception Cause : null

StackTrace:
	java.net.AbstractPlainSocketImpl.connect(Unknown Source)
	java.net.PlainSocketImpl.connect(Unknown Source)
	java.net.SocksSocketImpl.connect(Unknown Source)
	java.net.Socket.connect(Unknown Source)
	sun.security.ssl.SSLSocketImpl.connect(Unknown Source)
	sun.security.ssl.BaseSSLSocketImpl.connect(Unknown Source)
	sun.net.NetworkClient.doConnect(Unknown Source)
	sun.net.www.http.HttpClient.openServer(Unknown Source)
	sun.net.www.http.HttpClient.openServer(Unknown Source)
	sun.net.www.protocol.https.HttpsClient.<init>(Unknown Source)
	sun.net.www.protocol.https.HttpsClient.New(Unknown Source)
	sun.net.www.protocol.https.AbstractDelegateHttpsURLConnection.getNewHttpClient(Unknown Source)
	sun.net.www.protocol.http.HttpURLConnection.plainConnect0(Unknown Source)
	sun.net.www.protocol.http.HttpURLConnection.plainConnect(Unknown Source)
	sun.net.www.protocol.https.AbstractDelegateHttpsURLConnection.connect(Unknown Source)
	sun.net.www.protocol.http.HttpURLConnection.getInputStream0(Unknown Source)
	sun.net.www.protocol.http.HttpURLConnection.getInputStream(Unknown Source)
	sun.net.www.protocol.https.HttpsURLConnectionImpl.getInputStream(Unknown Source)
	java.net.URL.openStream(Unknown Source)
	app.captureEasy.web.SoftwareUpdate.GET(SoftwareUpdate.java:74)
	app.captureEasy.web.SoftwareUpdate.checkForUpdates(SoftwareUpdate.java:59)
	app.captureEasy.Launch.Application$1.run(Application.java:153)
	java.util.TimerThread.mainLoop(Unknown Source)
	java.util.TimerThread.run(Unknown Source)

[24 Sep 2020 09:36:58.557]  User Message: Exception Occured on connecting web server...

Exception Class : java.net.UnknownHostException
Exception Message : api.github.com
Exception Cause : null

StackTrace:
	java.net.AbstractPlainSocketImpl.connect(Unknown Source)
	java.net.PlainSocketImpl.connect(Unknown Source)
	java.net.SocksSocketImpl.connect(Unknown Source)
	java.net.Socket.connect(Unknown Source)
	sun.security.ssl.SSLSocketImpl.connect(Unknown Source)
	sun.security.ssl.BaseSSLSocketImpl.connect(Unknown Source)
	sun.net.NetworkClient.doConnect(Unknown Source)
	sun.net.www.http.HttpClient.openServer(Unknown Source)
	sun.net.www.http.HttpClient.openServer(Unknown Source)
	sun.net.www.protocol.https.HttpsClient.<init>(Unknown Source)
	sun.net.www.protocol.https.HttpsClient.New(Unknown Source)
	sun.net.www.protocol.https.AbstractDelegateHttpsURLConnection.getNewHttpClient(Unknown Source)
	sun.net.www.protocol.http.HttpURLConnection.plainConnect0(Unknown Source)
	sun.net.www.protocol.http.HttpURLConnection.plainConnect(Unknown Source)
	sun.net.www.protocol.https.AbstractDelegateHttpsURLConnection.connect(Unknown Source)
	sun.net.www.protocol.http.HttpURLConnection.getInputStream0(Unknown Source)
	sun.net.www.protocol.http.HttpURLConnection.getInputStream(Unknown Source)
	sun.net.www.protocol.https.HttpsURLConnectionImpl.getInputStream(Unknown Source)
	java.net.URL.openStream(Unknown Source)
	app.captureEasy.web.SoftwareUpdate.GET(SoftwareUpdate.java:74)
	app.captureEasy.web.SoftwareUpdate.checkForUpdates(SoftwareUpdate.java:59)
	app.captureEasy.Launch.Application$1.run(Application.java:153)
	java.util.TimerThread.mainLoop(Unknown Source)
	java.util.TimerThread.run(Unknown Source)

[24 Sep 2020 09:37:02.416]  User Message: org.json.JSONException Exception occured while fetching Issues

Exception Class : org.json.JSONException
Exception Message : A JSONArray text must start with '[' at 1 [character 2 line 1]
Exception Cause : null

StackTrace:
	org.json.JSONTokener.syntaxError(JSONTokener.java:432)
	org.json.JSONArray.<init>(JSONArray.java:107)
	org.json.JSONArray.<init>(JSONArray.java:145)
	app.captureEasy.UI.BugTableModel.<init>(BugPanel.java:806)
	app.captureEasy.UI.BugPanel$17.run(BugPanel.java:752)
	java.awt.event.InvocationEvent.dispatch(Unknown Source)
	java.awt.EventQueue.dispatchEventImpl(Unknown Source)
	java.awt.EventQueue.access$500(Unknown Source)
	java.awt.EventQueue$3.run(Unknown Source)
	java.awt.EventQueue$3.run(Unknown Source)
	java.security.AccessController.doPrivileged(Native Method)
	java.security.ProtectionDomain$JavaSecurityAccessImpl.doIntersectionPrivilege(Unknown Source)
	java.awt.EventQueue.dispatchEvent(Unknown Source)
	java.awt.EventDispatchThread.pumpOneEventForFilters(Unknown Source)
	java.awt.EventDispatchThread.pumpEventsForFilter(Unknown Source)
	java.awt.EventDispatchThread.pumpEventsForHierarchy(Unknown Source)
	java.awt.EventDispatchThread.pumpEvents(Unknown Source)
	java.awt.EventDispatchThread.pumpEvents(Unknown Source)
	java.awt.EventDispatchThread.run(Unknown Source)

[24 Sep 2020 09:37:50.612]  User Message: Exception Occured on connecting web server...

Exception Class : java.net.UnknownHostException
Exception Message : api.github.com
Exception Cause : null

StackTrace:
	java.net.AbstractPlainSocketImpl.connect(Unknown Source)
	java.net.PlainSocketImpl.connect(Unknown Source)
	java.net.SocksSocketImpl.connect(Unknown Source)
	java.net.Socket.connect(Unknown Source)
	sun.security.ssl.SSLSocketImpl.connect(Unknown Source)
	sun.security.ssl.BaseSSLSocketImpl.connect(Unknown Source)
	sun.net.NetworkClient.doConnect(Unknown Source)
	sun.net.www.http.HttpClient.openServer(Unknown Source)
	sun.net.www.http.HttpClient.openServer(Unknown Source)
	sun.net.www.protocol.https.HttpsClient.<init>(Unknown Source)
	sun.net.www.protocol.https.HttpsClient.New(Unknown Source)
	sun.net.www.protocol.https.AbstractDelegateHttpsURLConnection.getNewHttpClient(Unknown Source)
	sun.net.www.protocol.http.HttpURLConnection.plainConnect0(Unknown Source)
	sun.net.www.protocol.http.HttpURLConnection.plainConnect(Unknown Source)
	sun.net.www.protocol.https.AbstractDelegateHttpsURLConnection.connect(Unknown Source)
	sun.net.www.protocol.http.HttpURLConnection.getInputStream0(Unknown Source)
	sun.net.www.protocol.http.HttpURLConnection.getInputStream(Unknown Source)
	sun.net.www.protocol.https.HttpsURLConnectionImpl.getInputStream(Unknown Source)
	java.net.URL.openStream(Unknown Source)
	app.captureEasy.web.SoftwareUpdate.GET(SoftwareUpdate.java:74)
	app.captureEasy.web.SoftwareUpdate.checkForUpdates(SoftwareUpdate.java:59)
	app.captureEasy.Launch.Application$1.run(Application.java:153)
	java.util.TimerThread.mainLoop(Unknown Source)
	java.util.TimerThread.run(Unknown Source)

[24 Sep 2020 09:37:55.318]  User Message: org.json.JSONException Exception occured while fetching Issues

Exception Class : org.json.JSONException
Exception Message : A JSONArray text must start with '[' at 1 [character 2 line 1]
Exception Cause : null

StackTrace:
	org.json.JSONTokener.syntaxError(JSONTokener.java:432)
	org.json.JSONArray.<init>(JSONArray.java:107)
	org.json.JSONArray.<init>(JSONArray.java:145)
	app.captureEasy.UI.BugTableModel.<init>(BugPanel.java:806)
	app.captureEasy.UI.BugPanel$17.run(BugPanel.java:752)
	java.awt.event.InvocationEvent.dispatch(Unknown Source)
	java.awt.EventQueue.dispatchEventImpl(Unknown Source)
	java.awt.EventQueue.access$500(Unknown Source)
	java.awt.EventQueue$3.run(Unknown Source)
	java.awt.EventQueue$3.run(Unknown Source)
	java.security.AccessController.doPrivileged(Native Method)
	java.security.ProtectionDomain$JavaSecurityAccessImpl.doIntersectionPrivilege(Unknown Source)
	java.awt.EventQueue.dispatchEvent(Unknown Source)
	java.awt.EventDispatchThread.pumpOneEventForFilters(Unknown Source)
	java.awt.EventDispatchThread.pumpEventsForFilter(Unknown Source)
	java.awt.EventDispatchThread.pumpEventsForHierarchy(Unknown Source)
	java.awt.EventDispatchThread.pumpEvents(Unknown Source)
	java.awt.EventDispatchThread.pumpEvents(Unknown Source)
	java.awt.EventDispatchThread.run(Unknown Source)

[24 Sep 2020 09:40:06.879]  User Message: Exception Occured on connecting web server...

Exception Class : java.net.UnknownHostException
Exception Message : api.github.com
Exception Cause : null

StackTrace:
	java.net.AbstractPlainSocketImpl.connect(Unknown Source)
	java.net.PlainSocketImpl.connect(Unknown Source)
	java.net.SocksSocketImpl.connect(Unknown Source)
	java.net.Socket.connect(Unknown Source)
	sun.security.ssl.SSLSocketImpl.connect(Unknown Source)
	sun.security.ssl.BaseSSLSocketImpl.connect(Unknown Source)
	sun.net.NetworkClient.doConnect(Unknown Source)
	sun.net.www.http.HttpClient.openServer(Unknown Source)
	sun.net.www.http.HttpClient.openServer(Unknown Source)
	sun.net.www.protocol.https.HttpsClient.<init>(Unknown Source)
	sun.net.www.protocol.https.HttpsClient.New(Unknown Source)
	sun.net.www.protocol.https.AbstractDelegateHttpsURLConnection.getNewHttpClient(Unknown Source)
	sun.net.www.protocol.http.HttpURLConnection.plainConnect0(Unknown Source)
	sun.net.www.protocol.http.HttpURLConnection.plainConnect(Unknown Source)
	sun.net.www.protocol.https.AbstractDelegateHttpsURLConnection.connect(Unknown Source)
	sun.net.www.protocol.http.HttpURLConnection.getInputStream0(Unknown Source)
	sun.net.www.protocol.http.HttpURLConnection.getInputStream(Unknown Source)
	sun.net.www.protocol.https.HttpsURLConnectionImpl.getInputStream(Unknown Source)
	java.net.URL.openStream(Unknown Source)
	app.captureEasy.web.SoftwareUpdate.GET(SoftwareUpdate.java:74)
	app.captureEasy.web.SoftwareUpdate.checkForUpdates(SoftwareUpdate.java:59)
	app.captureEasy.Launch.Application$1.run(Application.java:153)
	java.util.TimerThread.mainLoop(Unknown Source)
	java.util.TimerThread.run(Unknown Source)

[24 Sep 2020 09:40:11.950]  User Message: org.json.JSONException Exception occured while fetching Issues

Exception Class : org.json.JSONException
Exception Message : A JSONArray text must start with '[' at 1 [character 2 line 1]
Exception Cause : null

StackTrace:
	org.json.JSONTokener.syntaxError(JSONTokener.java:432)
	org.json.JSONArray.<init>(JSONArray.java:107)
	org.json.JSONArray.<init>(JSONArray.java:145)
	app.captureEasy.UI.BugTableModel.<init>(BugPanel.java:806)
	app.captureEasy.UI.BugPanel$17.run(BugPanel.java:752)
	java.awt.event.InvocationEvent.dispatch(Unknown Source)
	java.awt.EventQueue.dispatchEventImpl(Unknown Source)
	java.awt.EventQueue.access$500(Unknown Source)
	java.awt.EventQueue$3.run(Unknown Source)
	java.awt.EventQueue$3.run(Unknown Source)
	java.security.AccessController.doPrivileged(Native Method)
	java.security.ProtectionDomain$JavaSecurityAccessImpl.doIntersectionPrivilege(Unknown Source)
	java.awt.EventQueue.dispatchEvent(Unknown Source)
	java.awt.EventDispatchThread.pumpOneEventForFilters(Unknown Source)
	java.awt.EventDispatchThread.pumpEventsForFilter(Unknown Source)
	java.awt.EventDispatchThread.pumpEventsForHierarchy(Unknown Source)
	java.awt.EventDispatchThread.pumpEvents(Unknown Source)
	java.awt.EventDispatchThread.pumpEvents(Unknown Source)
	java.awt.EventDispatchThread.run(Unknown Source)

[24 Sep 2020 09:40:47.580]  User Message: org.json.JSONException Exception occured while Creating New Issues

Exception Class : org.json.JSONException
Exception Message : A JSONObject text must begin with '{' at 1 [character 2 line 1]
Exception Cause : null

StackTrace:
	org.json.JSONTokener.syntaxError(JSONTokener.java:432)
	org.json.JSONObject.<init>(JSONObject.java:184)
	org.json.JSONObject.<init>(JSONObject.java:310)
	app.captureEasy.UI.BugPanel.submitBug(BugPanel.java:586)
	app.captureEasy.UI.BugPanel$10.actionPerformed(BugPanel.java:344)
	javax.swing.AbstractButton.fireActionPerformed(Unknown Source)
	javax.swing.AbstractButton$Handler.actionPerformed(Unknown Source)
	javax.swing.DefaultButtonModel.fireActionPerformed(Unknown Source)
	javax.swing.DefaultButtonModel.setPressed(Unknown Source)
	javax.swing.plaf.basic.BasicButtonListener.mouseReleased(Unknown Source)
	java.awt.Component.processMouseEvent(Unknown Source)
	javax.swing.JComponent.processMouseEvent(Unknown Source)
	java.awt.Component.processEvent(Unknown Source)
	java.awt.Container.processEvent(Unknown Source)
	java.awt.Component.dispatchEventImpl(Unknown Source)
	java.awt.Container.dispatchEventImpl(Unknown Source)
	java.awt.Component.dispatchEvent(Unknown Source)
	java.awt.LightweightDispatcher.retargetMouseEvent(Unknown Source)
	java.awt.LightweightDispatcher.processMouseEvent(Unknown Source)
	java.awt.LightweightDispatcher.dispatchEvent(Unknown Source)
	java.awt.Container.dispatchEventImpl(Unknown Source)
	java.awt.Window.dispatchEventImpl(Unknown Source)
	java.awt.Component.dispatchEvent(Unknown Source)
	java.awt.EventQueue.dispatchEventImpl(Unknown Source)
	java.awt.EventQueue.access$500(Unknown Source)
	java.awt.EventQueue$3.run(Unknown Source)
	java.awt.EventQueue$3.run(Unknown Source)
	java.security.AccessController.doPrivileged(Native Method)
	java.security.ProtectionDomain$JavaSecurityAccessImpl.doIntersectionPrivilege(Unknown Source)
	java.security.ProtectionDomain$JavaSecurityAccessImpl.doIntersectionPrivilege(Unknown Source)
	java.awt.EventQueue$4.run(Unknown Source)
	java.awt.EventQueue$4.run(Unknown Source)
	java.security.AccessController.doPrivileged(Native Method)
	java.security.ProtectionDomain$JavaSecurityAccessImpl.doIntersectionPrivilege(Unknown Source)
	java.awt.EventQueue.dispatchEvent(Unknown Source)
	java.awt.EventDispatchThread.pumpOneEventForFilters(Unknown Source)
	java.awt.EventDispatchThread.pumpEventsForFilter(Unknown Source)
	java.awt.EventDispatchThread.pumpEventsForHierarchy(Unknown Source)
	java.awt.EventDispatchThread.pumpEvents(Unknown Source)
	java.awt.EventDispatchThread.pumpEvents(Unknown Source)
	java.awt.EventDispatchThread.run(Unknown Source)

[24 Sep 2020 05:58:43.494]  User Message: Exception on update bug

Exception Class : org.json.JSONException
Exception Message : JSONObject["number"] not found.
Exception Cause : null

StackTrace:
	org.json.JSONObject.get(JSONObject.java:454)
	app.captureEasy.UI.BugPanel.updateBug(BugPanel.java:772)
	app.captureEasy.UI.BugPanel$14.actionPerformed(BugPanel.java:678)
	javax.swing.AbstractButton.fireActionPerformed(Unknown Source)
	javax.swing.AbstractButton$Handler.actionPerformed(Unknown Source)
	javax.swing.DefaultButtonModel.fireActionPerformed(Unknown Source)
	javax.swing.DefaultButtonModel.setPressed(Unknown Source)
	javax.swing.plaf.basic.BasicButtonListener.mouseReleased(Unknown Source)
	java.awt.Component.processMouseEvent(Unknown Source)
	javax.swing.JComponent.processMouseEvent(Unknown Source)
	java.awt.Component.processEvent(Unknown Source)
	java.awt.Container.processEvent(Unknown Source)
	java.awt.Component.dispatchEventImpl(Unknown Source)
	java.awt.Container.dispatchEventImpl(Unknown Source)
	java.awt.Component.dispatchEvent(Unknown Source)
	java.awt.LightweightDispatcher.retargetMouseEvent(Unknown Source)
	java.awt.LightweightDispatcher.processMouseEvent(Unknown Source)
	java.awt.LightweightDispatcher.dispatchEvent(Unknown Source)
	java.awt.Container.dispatchEventImpl(Unknown Source)
	java.awt.Window.dispatchEventImpl(Unknown Source)
	java.awt.Component.dispatchEvent(Unknown Source)
	java.awt.EventQueue.dispatchEventImpl(Unknown Source)
	java.awt.EventQueue.access$500(Unknown Source)
	java.awt.EventQueue$3.run(Unknown Source)
	java.awt.EventQueue$3.run(Unknown Source)
	java.security.AccessController.doPrivileged(Native Method)
	java.security.ProtectionDomain$JavaSecurityAccessImpl.doIntersectionPrivilege(Unknown Source)
	java.security.ProtectionDomain$JavaSecurityAccessImpl.doIntersectionPrivilege(Unknown Source)
	java.awt.EventQueue$4.run(Unknown Source)
	java.awt.EventQueue$4.run(Unknown Source)
	java.security.AccessController.doPrivileged(Native Method)
	java.security.ProtectionDomain$JavaSecurityAccessImpl.doIntersectionPrivilege(Unknown Source)
	java.awt.EventQueue.dispatchEvent(Unknown Source)
	java.awt.EventDispatchThread.pumpOneEventForFilters(Unknown Source)
	java.awt.EventDispatchThread.pumpEventsForFilter(Unknown Source)
	java.awt.EventDispatchThread.pumpEventsForHierarchy(Unknown Source)
	java.awt.EventDispatchThread.pumpEvents(Unknown Source)
	java.awt.EventDispatchThread.pumpEvents(Unknown Source)
	java.awt.EventDispatchThread.run(Unknown Source)

[24 Sep 2020 06:01:36.267]  User Message: Exception on update bug

Exception Class : org.json.JSONException
Exception Message : JSONObject["number"] not found.
Exception Cause : null

StackTrace:
	org.json.JSONObject.get(JSONObject.java:454)
	org.json.JSONObject.getInt(JSONObject.java:514)
	app.captureEasy.UI.BugPanel.updateBug(BugPanel.java:772)
	app.captureEasy.UI.BugPanel$14.actionPerformed(BugPanel.java:678)
	javax.swing.AbstractButton.fireActionPerformed(Unknown Source)
	javax.swing.AbstractButton$Handler.actionPerformed(Unknown Source)
	javax.swing.DefaultButtonModel.fireActionPerformed(Unknown Source)
	javax.swing.DefaultButtonModel.setPressed(Unknown Source)
	javax.swing.plaf.basic.BasicButtonListener.mouseReleased(Unknown Source)
	java.awt.Component.processMouseEvent(Unknown Source)
	javax.swing.JComponent.processMouseEvent(Unknown Source)
	java.awt.Component.processEvent(Unknown Source)
	java.awt.Container.processEvent(Unknown Source)
	java.awt.Component.dispatchEventImpl(Unknown Source)
	java.awt.Container.dispatchEventImpl(Unknown Source)
	java.awt.Component.dispatchEvent(Unknown Source)
	java.awt.LightweightDispatcher.retargetMouseEvent(Unknown Source)
	java.awt.LightweightDispatcher.processMouseEvent(Unknown Source)
	java.awt.LightweightDispatcher.dispatchEvent(Unknown Source)
	java.awt.Container.dispatchEventImpl(Unknown Source)
	java.awt.Window.dispatchEventImpl(Unknown Source)
	java.awt.Component.dispatchEvent(Unknown Source)
	java.awt.EventQueue.dispatchEventImpl(Unknown Source)
	java.awt.EventQueue.access$500(Unknown Source)
	java.awt.EventQueue$3.run(Unknown Source)
	java.awt.EventQueue$3.run(Unknown Source)
	java.security.AccessController.doPrivileged(Native Method)
	java.security.ProtectionDomain$JavaSecurityAccessImpl.doIntersectionPrivilege(Unknown Source)
	java.security.ProtectionDomain$JavaSecurityAccessImpl.doIntersectionPrivilege(Unknown Source)
	java.awt.EventQueue$4.run(Unknown Source)
	java.awt.EventQueue$4.run(Unknown Source)
	java.security.AccessController.doPrivileged(Native Method)
	java.security.ProtectionDomain$JavaSecurityAccessImpl.doIntersectionPrivilege(Unknown Source)
	java.awt.EventQueue.dispatchEvent(Unknown Source)
	java.awt.EventDispatchThread.pumpOneEventForFilters(Unknown Source)
	java.awt.EventDispatchThread.pumpEventsForFilter(Unknown Source)
	java.awt.EventDispatchThread.pumpEventsForHierarchy(Unknown Source)
	java.awt.EventDispatchThread.pumpEvents(Unknown Source)
	java.awt.EventDispatchThread.pumpEvents(Unknown Source)
	java.awt.EventDispatchThread.run(Unknown Source)

