[22 Sep 2020 12:15:30.662]  User Message: Exception while pursing json data

Exception Class : org.json.JSONException
Exception Message : JSONObject["area"] not found.
Exception Cause : null

StackTrace:
	org.json.JSONObject.get(JSONObject.java:454)
	app.captureEasy.UI.BugTableModel.getValueAt(BugPanel.java:753)
	javax.swing.JTable.getValueAt(Unknown Source)
	javax.swing.JTable.prepareRenderer(Unknown Source)
	javax.swing.plaf.basic.BasicTableUI.paintCell(Unknown Source)
	javax.swing.plaf.basic.BasicTableUI.paintCells(Unknown Source)
	javax.swing.plaf.basic.BasicTableUI.paint(Unknown Source)
	javax.swing.plaf.ComponentUI.update(Unknown Source)
	javax.swing.JComponent.paintComponent(Unknown Source)
	javax.swing.JComponent.paint(Unknown Source)
	javax.swing.JComponent.paintChildren(Unknown Source)
	javax.swing.JComponent.paint(Unknown Source)
	javax.swing.JViewport.paint(Unknown Source)
	javax.swing.JComponent.paintChildren(Unknown Source)
	javax.swing.JComponent.paint(Unknown Source)
	javax.swing.JComponent.paintChildren(Unknown Source)
	javax.swing.JComponent.paint(Unknown Source)
	javax.swing.JComponent.paintChildren(Unknown Source)
	javax.swing.JComponent.paint(Unknown Source)
	javax.swing.JComponent.paintChildren(Unknown Source)
	javax.swing.JComponent.paint(Unknown Source)
	javax.swing.JComponent.paintToOffscreen(Unknown Source)
	javax.swing.RepaintManager$PaintManager.paintDoubleBuffered(Unknown Source)
	javax.swing.RepaintManager$PaintManager.paint(Unknown Source)
	javax.swing.RepaintManager.paint(Unknown Source)
	javax.swing.JComponent._paintImmediately(Unknown Source)
	javax.swing.JComponent.paintImmediately(Unknown Source)
	javax.swing.RepaintManager$4.run(Unknown Source)
	javax.swing.RepaintManager$4.run(Unknown Source)
	java.security.AccessController.doPrivileged(Native Method)
	java.security.ProtectionDomain$JavaSecurityAccessImpl.doIntersectionPrivilege(Unknown Source)
	javax.swing.RepaintManager.paintDirtyRegions(Unknown Source)
	javax.swing.RepaintManager.paintDirtyRegions(Unknown Source)
	javax.swing.RepaintManager.prePaintDirtyRegions(Unknown Source)
	javax.swing.RepaintManager.access$1200(Unknown Source)
	javax.swing.RepaintManager$ProcessingRunnable.run(Unknown Source)
	java.awt.event.InvocationEvent.dispatch(Unknown Source)
	java.awt.EventQueue.dispatchEventImpl(Unknown Source)
	java.awt.EventQueue.access$500(Unknown Source)
	java.awt.EventQueue$3.run(Unknown Source)
	java.awt.EventQueue$3.run(Unknown Source)
	java.security.AccessController.doPrivileged(Native Method)
	java.security.ProtectionDomain$JavaSecurityAccessImpl.doIntersectionPrivilege(Unknown Source)
	java.awt.EventQueue.dispatchEvent(Unknown Source)
	java.awt.EventDispatchThread.pumpOneEventForFilters(Unknown Source)
	java.awt.EventDispatchThread.pumpEventsForFilter(Unknown Source)
	java.awt.EventDispatchThread.pumpEventsForHierarchy(Unknown Source)
	java.awt.EventDispatchThread.pumpEvents(Unknown Source)
	java.awt.EventDispatchThread.pumpEvents(Unknown Source)
	java.awt.EventDispatchThread.run(Unknown Source)

[22 Sep 2020 12:15:30.675]  User Message: Exception while pursing json data

Exception Class : org.json.JSONException
Exception Message : JSONObject["area"] not found.
Exception Cause : null

StackTrace:
	org.json.JSONObject.get(JSONObject.java:454)
	app.captureEasy.UI.BugTableModel.getValueAt(BugPanel.java:753)
	javax.swing.JTable.getValueAt(Unknown Source)
	javax.swing.JTable.prepareRenderer(Unknown Source)
	javax.swing.plaf.basic.BasicTableUI.paintCell(Unknown Source)
	javax.swing.plaf.basic.BasicTableUI.paintCells(Unknown Source)
	javax.swing.plaf.basic.BasicTableUI.paint(Unknown Source)
	javax.swing.plaf.ComponentUI.update(Unknown Source)
	javax.swing.JComponent.paintComponent(Unknown Source)
	javax.swing.JComponent.paint(Unknown Source)
	javax.swing.JComponent.paintChildren(Unknown Source)
	javax.swing.JComponent.paint(Unknown Source)
	javax.swing.JViewport.paint(Unknown Source)
	javax.swing.JComponent.paintChildren(Unknown Source)
	javax.swing.JComponent.paint(Unknown Source)
	javax.swing.JComponent.paintChildren(Unknown Source)
	javax.swing.JComponent.paint(Unknown Source)
	javax.swing.JComponent.paintChildren(Unknown Source)
	javax.swing.JComponent.paint(Unknown Source)
	javax.swing.JComponent.paintChildren(Unknown Source)
	javax.swing.JComponent.paint(Unknown Source)
	javax.swing.JComponent.paintToOffscreen(Unknown Source)
	javax.swing.RepaintManager$PaintManager.paintDoubleBuffered(Unknown Source)
	javax.swing.RepaintManager$PaintManager.paint(Unknown Source)
	javax.swing.RepaintManager.paint(Unknown Source)
	javax.swing.JComponent._paintImmediately(Unknown Source)
	javax.swing.JComponent.paintImmediately(Unknown Source)
	javax.swing.RepaintManager$4.run(Unknown Source)
	javax.swing.RepaintManager$4.run(Unknown Source)
	java.security.AccessController.doPrivileged(Native Method)
	java.security.ProtectionDomain$JavaSecurityAccessImpl.doIntersectionPrivilege(Unknown Source)
	javax.swing.RepaintManager.paintDirtyRegions(Unknown Source)
	javax.swing.RepaintManager.paintDirtyRegions(Unknown Source)
	javax.swing.RepaintManager.prePaintDirtyRegions(Unknown Source)
	javax.swing.RepaintManager.access$1200(Unknown Source)
	javax.swing.RepaintManager$ProcessingRunnable.run(Unknown Source)
	java.awt.event.InvocationEvent.dispatch(Unknown Source)
	java.awt.EventQueue.dispatchEventImpl(Unknown Source)
	java.awt.EventQueue.access$500(Unknown Source)
	java.awt.EventQueue$3.run(Unknown Source)
	java.awt.EventQueue$3.run(Unknown Source)
	java.security.AccessController.doPrivileged(Native Method)
	java.security.ProtectionDomain$JavaSecurityAccessImpl.doIntersectionPrivilege(Unknown Source)
	java.awt.EventQueue.dispatchEvent(Unknown Source)
	java.awt.EventDispatchThread.pumpOneEventForFilters(Unknown Source)
	java.awt.EventDispatchThread.pumpEventsForFilter(Unknown Source)
	java.awt.EventDispatchThread.pumpEventsForHierarchy(Unknown Source)
	java.awt.EventDispatchThread.pumpEvents(Unknown Source)
	java.awt.EventDispatchThread.pumpEvents(Unknown Source)
	java.awt.EventDispatchThread.run(Unknown Source)

[22 Sep 2020 12:15:30.686]  User Message: Exception while pursing json data

Exception Class : org.json.JSONException
Exception Message : JSONObject["area"] not found.
Exception Cause : null

StackTrace:
	org.json.JSONObject.get(JSONObject.java:454)
	app.captureEasy.UI.BugTableModel.getValueAt(BugPanel.java:753)
	javax.swing.JTable.getValueAt(Unknown Source)
	javax.swing.JTable.prepareRenderer(Unknown Source)
	javax.swing.plaf.basic.BasicTableUI.paintCell(Unknown Source)
	javax.swing.plaf.basic.BasicTableUI.paintCells(Unknown Source)
	javax.swing.plaf.basic.BasicTableUI.paint(Unknown Source)
	javax.swing.plaf.ComponentUI.update(Unknown Source)
	javax.swing.JComponent.paintComponent(Unknown Source)
	javax.swing.JComponent.paint(Unknown Source)
	javax.swing.JComponent.paintChildren(Unknown Source)
	javax.swing.JComponent.paint(Unknown Source)
	javax.swing.JViewport.paint(Unknown Source)
	javax.swing.JComponent.paintChildren(Unknown Source)
	javax.swing.JComponent.paint(Unknown Source)
	javax.swing.JComponent.paintChildren(Unknown Source)
	javax.swing.JComponent.paint(Unknown Source)
	javax.swing.JComponent.paintChildren(Unknown Source)
	javax.swing.JComponent.paint(Unknown Source)
	javax.swing.JComponent.paintChildren(Unknown Source)
	javax.swing.JComponent.paint(Unknown Source)
	javax.swing.JComponent.paintToOffscreen(Unknown Source)
	javax.swing.RepaintManager$PaintManager.paintDoubleBuffered(Unknown Source)
	javax.swing.RepaintManager$PaintManager.paint(Unknown Source)
	javax.swing.RepaintManager.paint(Unknown Source)
	javax.swing.JComponent._paintImmediately(Unknown Source)
	javax.swing.JComponent.paintImmediately(Unknown Source)
	javax.swing.RepaintManager$4.run(Unknown Source)
	javax.swing.RepaintManager$4.run(Unknown Source)
	java.security.AccessController.doPrivileged(Native Method)
	java.security.ProtectionDomain$JavaSecurityAccessImpl.doIntersectionPrivilege(Unknown Source)
	javax.swing.RepaintManager.paintDirtyRegions(Unknown Source)
	javax.swing.RepaintManager.paintDirtyRegions(Unknown Source)
	javax.swing.RepaintManager.prePaintDirtyRegions(Unknown Source)
	javax.swing.RepaintManager.access$1200(Unknown Source)
	javax.swing.RepaintManager$ProcessingRunnable.run(Unknown Source)
	java.awt.event.InvocationEvent.dispatch(Unknown Source)
	java.awt.EventQueue.dispatchEventImpl(Unknown Source)
	java.awt.EventQueue.access$500(Unknown Source)
	java.awt.EventQueue$3.run(Unknown Source)
	java.awt.EventQueue$3.run(Unknown Source)
	java.security.AccessController.doPrivileged(Native Method)
	java.security.ProtectionDomain$JavaSecurityAccessImpl.doIntersectionPrivilege(Unknown Source)
	java.awt.EventQueue.dispatchEvent(Unknown Source)
	java.awt.EventDispatchThread.pumpOneEventForFilters(Unknown Source)
	java.awt.EventDispatchThread.pumpEventsForFilter(Unknown Source)
	java.awt.EventDispatchThread.pumpEventsForHierarchy(Unknown Source)
	java.awt.EventDispatchThread.pumpEvents(Unknown Source)
	java.awt.EventDispatchThread.pumpEvents(Unknown Source)
	java.awt.EventDispatchThread.run(Unknown Source)

[22 Sep 2020 12:15:30.765]  User Message: Exception while pursing json data

Exception Class : org.json.JSONException
Exception Message : JSONObject["area"] not found.
Exception Cause : null

StackTrace:
	org.json.JSONObject.get(JSONObject.java:454)
	app.captureEasy.UI.BugTableModel.getValueAt(BugPanel.java:753)
	javax.swing.JTable.getValueAt(Unknown Source)
	javax.swing.JTable.prepareRenderer(Unknown Source)
	javax.swing.plaf.basic.BasicTableUI.paintCell(Unknown Source)
	javax.swing.plaf.basic.BasicTableUI.paintCells(Unknown Source)
	javax.swing.plaf.basic.BasicTableUI.paint(Unknown Source)
	javax.swing.plaf.ComponentUI.update(Unknown Source)
	javax.swing.JComponent.paintComponent(Unknown Source)
	javax.swing.JComponent.paint(Unknown Source)
	javax.swing.JComponent.paintChildren(Unknown Source)
	javax.swing.JComponent.paint(Unknown Source)
	javax.swing.JViewport.paint(Unknown Source)
	javax.swing.JComponent.paintChildren(Unknown Source)
	javax.swing.JComponent.paint(Unknown Source)
	javax.swing.JComponent.paintChildren(Unknown Source)
	javax.swing.JComponent.paint(Unknown Source)
	javax.swing.JComponent.paintChildren(Unknown Source)
	javax.swing.JComponent.paint(Unknown Source)
	javax.swing.JComponent.paintChildren(Unknown Source)
	javax.swing.JComponent.paint(Unknown Source)
	javax.swing.JComponent.paintToOffscreen(Unknown Source)
	javax.swing.RepaintManager$PaintManager.paintDoubleBuffered(Unknown Source)
	javax.swing.RepaintManager$PaintManager.paint(Unknown Source)
	javax.swing.RepaintManager.paint(Unknown Source)
	javax.swing.JComponent._paintImmediately(Unknown Source)
	javax.swing.JComponent.paintImmediately(Unknown Source)
	javax.swing.RepaintManager$4.run(Unknown Source)
	javax.swing.RepaintManager$4.run(Unknown Source)
	java.security.AccessController.doPrivileged(Native Method)
	java.security.ProtectionDomain$JavaSecurityAccessImpl.doIntersectionPrivilege(Unknown Source)
	javax.swing.RepaintManager.paintDirtyRegions(Unknown Source)
	javax.swing.RepaintManager.paintDirtyRegions(Unknown Source)
	javax.swing.RepaintManager.prePaintDirtyRegions(Unknown Source)
	javax.swing.RepaintManager.access$1200(Unknown Source)
	javax.swing.RepaintManager$ProcessingRunnable.run(Unknown Source)
	java.awt.event.InvocationEvent.dispatch(Unknown Source)
	java.awt.EventQueue.dispatchEventImpl(Unknown Source)
	java.awt.EventQueue.access$500(Unknown Source)
	java.awt.EventQueue$3.run(Unknown Source)
	java.awt.EventQueue$3.run(Unknown Source)
	java.security.AccessController.doPrivileged(Native Method)
	java.security.ProtectionDomain$JavaSecurityAccessImpl.doIntersectionPrivilege(Unknown Source)
	java.awt.EventQueue.dispatchEvent(Unknown Source)
	java.awt.EventDispatchThread.pumpOneEventForFilters(Unknown Source)
	java.awt.EventDispatchThread.pumpEventsForFilter(Unknown Source)
	java.awt.EventDispatchThread.pumpEventsForHierarchy(Unknown Source)
	java.awt.EventDispatchThread.pumpEvents(Unknown Source)
	java.awt.EventDispatchThread.pumpEvents(Unknown Source)
	java.awt.EventDispatchThread.run(Unknown Source)

[22 Sep 2020 12:15:30.779]  User Message: Exception while pursing json data

Exception Class : org.json.JSONException
Exception Message : JSONObject["area"] not found.
Exception Cause : null

StackTrace:
	org.json.JSONObject.get(JSONObject.java:454)
	app.captureEasy.UI.BugTableModel.getValueAt(BugPanel.java:753)
	javax.swing.JTable.getValueAt(Unknown Source)
	javax.swing.JTable.prepareRenderer(Unknown Source)
	javax.swing.plaf.basic.BasicTableUI.paintCell(Unknown Source)
	javax.swing.plaf.basic.BasicTableUI.paintCells(Unknown Source)
	javax.swing.plaf.basic.BasicTableUI.paint(Unknown Source)
	javax.swing.plaf.ComponentUI.update(Unknown Source)
	javax.swing.JComponent.paintComponent(Unknown Source)
	javax.swing.JComponent.paint(Unknown Source)
	javax.swing.JComponent.paintChildren(Unknown Source)
	javax.swing.JComponent.paint(Unknown Source)
	javax.swing.JViewport.paint(Unknown Source)
	javax.swing.JComponent.paintChildren(Unknown Source)
	javax.swing.JComponent.paint(Unknown Source)
	javax.swing.JComponent.paintChildren(Unknown Source)
	javax.swing.JComponent.paint(Unknown Source)
	javax.swing.JComponent.paintChildren(Unknown Source)
	javax.swing.JComponent.paint(Unknown Source)
	javax.swing.JComponent.paintChildren(Unknown Source)
	javax.swing.JComponent.paint(Unknown Source)
	javax.swing.JComponent.paintToOffscreen(Unknown Source)
	javax.swing.RepaintManager$PaintManager.paintDoubleBuffered(Unknown Source)
	javax.swing.RepaintManager$PaintManager.paint(Unknown Source)
	javax.swing.RepaintManager.paint(Unknown Source)
	javax.swing.JComponent._paintImmediately(Unknown Source)
	javax.swing.JComponent.paintImmediately(Unknown Source)
	javax.swing.RepaintManager$4.run(Unknown Source)
	javax.swing.RepaintManager$4.run(Unknown Source)
	java.security.AccessController.doPrivileged(Native Method)
	java.security.ProtectionDomain$JavaSecurityAccessImpl.doIntersectionPrivilege(Unknown Source)
	javax.swing.RepaintManager.paintDirtyRegions(Unknown Source)
	javax.swing.RepaintManager.paintDirtyRegions(Unknown Source)
	javax.swing.RepaintManager.prePaintDirtyRegions(Unknown Source)
	javax.swing.RepaintManager.access$1200(Unknown Source)
	javax.swing.RepaintManager$ProcessingRunnable.run(Unknown Source)
	java.awt.event.InvocationEvent.dispatch(Unknown Source)
	java.awt.EventQueue.dispatchEventImpl(Unknown Source)
	java.awt.EventQueue.access$500(Unknown Source)
	java.awt.EventQueue$3.run(Unknown Source)
	java.awt.EventQueue$3.run(Unknown Source)
	java.security.AccessController.doPrivileged(Native Method)
	java.security.ProtectionDomain$JavaSecurityAccessImpl.doIntersectionPrivilege(Unknown Source)
	java.awt.EventQueue.dispatchEvent(Unknown Source)
	java.awt.EventDispatchThread.pumpOneEventForFilters(Unknown Source)
	java.awt.EventDispatchThread.pumpEventsForFilter(Unknown Source)
	java.awt.EventDispatchThread.pumpEventsForHierarchy(Unknown Source)
	java.awt.EventDispatchThread.pumpEvents(Unknown Source)
	java.awt.EventDispatchThread.pumpEvents(Unknown Source)
	java.awt.EventDispatchThread.run(Unknown Source)

[22 Sep 2020 12:15:30.791]  User Message: Exception while pursing json data

Exception Class : org.json.JSONException
Exception Message : JSONObject["area"] not found.
Exception Cause : null

StackTrace:
	org.json.JSONObject.get(JSONObject.java:454)
	app.captureEasy.UI.BugTableModel.getValueAt(BugPanel.java:753)
	javax.swing.JTable.getValueAt(Unknown Source)
	javax.swing.JTable.prepareRenderer(Unknown Source)
	javax.swing.plaf.basic.BasicTableUI.paintCell(Unknown Source)
	javax.swing.plaf.basic.BasicTableUI.paintCells(Unknown Source)
	javax.swing.plaf.basic.BasicTableUI.paint(Unknown Source)
	javax.swing.plaf.ComponentUI.update(Unknown Source)
	javax.swing.JComponent.paintComponent(Unknown Source)
	javax.swing.JComponent.paint(Unknown Source)
	javax.swing.JComponent.paintChildren(Unknown Source)
	javax.swing.JComponent.paint(Unknown Source)
	javax.swing.JViewport.paint(Unknown Source)
	javax.swing.JComponent.paintChildren(Unknown Source)
	javax.swing.JComponent.paint(Unknown Source)
	javax.swing.JComponent.paintChildren(Unknown Source)
	javax.swing.JComponent.paint(Unknown Source)
	javax.swing.JComponent.paintChildren(Unknown Source)
	javax.swing.JComponent.paint(Unknown Source)
	javax.swing.JComponent.paintChildren(Unknown Source)
	javax.swing.JComponent.paint(Unknown Source)
	javax.swing.JComponent.paintToOffscreen(Unknown Source)
	javax.swing.RepaintManager$PaintManager.paintDoubleBuffered(Unknown Source)
	javax.swing.RepaintManager$PaintManager.paint(Unknown Source)
	javax.swing.RepaintManager.paint(Unknown Source)
	javax.swing.JComponent._paintImmediately(Unknown Source)
	javax.swing.JComponent.paintImmediately(Unknown Source)
	javax.swing.RepaintManager$4.run(Unknown Source)
	javax.swing.RepaintManager$4.run(Unknown Source)
	java.security.AccessController.doPrivileged(Native Method)
	java.security.ProtectionDomain$JavaSecurityAccessImpl.doIntersectionPrivilege(Unknown Source)
	javax.swing.RepaintManager.paintDirtyRegions(Unknown Source)
	javax.swing.RepaintManager.paintDirtyRegions(Unknown Source)
	javax.swing.RepaintManager.prePaintDirtyRegions(Unknown Source)
	javax.swing.RepaintManager.access$1200(Unknown Source)
	javax.swing.RepaintManager$ProcessingRunnable.run(Unknown Source)
	java.awt.event.InvocationEvent.dispatch(Unknown Source)
	java.awt.EventQueue.dispatchEventImpl(Unknown Source)
	java.awt.EventQueue.access$500(Unknown Source)
	java.awt.EventQueue$3.run(Unknown Source)
	java.awt.EventQueue$3.run(Unknown Source)
	java.security.AccessController.doPrivileged(Native Method)
	java.security.ProtectionDomain$JavaSecurityAccessImpl.doIntersectionPrivilege(Unknown Source)
	java.awt.EventQueue.dispatchEvent(Unknown Source)
	java.awt.EventDispatchThread.pumpOneEventForFilters(Unknown Source)
	java.awt.EventDispatchThread.pumpEventsForFilter(Unknown Source)
	java.awt.EventDispatchThread.pumpEventsForHierarchy(Unknown Source)
	java.awt.EventDispatchThread.pumpEvents(Unknown Source)
	java.awt.EventDispatchThread.pumpEvents(Unknown Source)
	java.awt.EventDispatchThread.run(Unknown Source)

[22 Sep 2020 12:32:35.612]  User Message: Exception Occured on connecting web server...

Exception Class : java.net.UnknownHostException
Exception Message : api.github.com
Exception Cause : null

StackTrace:
	java.net.AbstractPlainSocketImpl.connect(Unknown Source)
	java.net.PlainSocketImpl.connect(Unknown Source)
	java.net.SocksSocketImpl.connect(Unknown Source)
	java.net.Socket.connect(Unknown Source)
	sun.security.ssl.SSLSocketImpl.connect(Unknown Source)
	sun.security.ssl.BaseSSLSocketImpl.connect(Unknown Source)
	sun.net.NetworkClient.doConnect(Unknown Source)
	sun.net.www.http.HttpClient.openServer(Unknown Source)
	sun.net.www.http.HttpClient.openServer(Unknown Source)
	sun.net.www.protocol.https.HttpsClient.<init>(Unknown Source)
	sun.net.www.protocol.https.HttpsClient.New(Unknown Source)
	sun.net.www.protocol.https.AbstractDelegateHttpsURLConnection.getNewHttpClient(Unknown Source)
	sun.net.www.protocol.http.HttpURLConnection.plainConnect0(Unknown Source)
	sun.net.www.protocol.http.HttpURLConnection.plainConnect(Unknown Source)
	sun.net.www.protocol.https.AbstractDelegateHttpsURLConnection.connect(Unknown Source)
	sun.net.www.protocol.http.HttpURLConnection.getInputStream0(Unknown Source)
	sun.net.www.protocol.http.HttpURLConnection.getInputStream(Unknown Source)
	sun.net.www.protocol.https.HttpsURLConnectionImpl.getInputStream(Unknown Source)
	java.net.URL.openStream(Unknown Source)
	app.captureEasy.web.SoftwareUpdate.GET(SoftwareUpdate.java:74)
	app.captureEasy.web.SoftwareUpdate.checkForUpdates(SoftwareUpdate.java:59)
	app.captureEasy.Launch.Application$1.run(Application.java:151)
	java.util.TimerThread.mainLoop(Unknown Source)
	java.util.TimerThread.run(Unknown Source)

[22 Sep 2020 12:32:39.490]  User Message: org.json.JSONException Exception occured while fetching Issues

Exception Class : org.json.JSONException
Exception Message : A JSONArray text must start with '[' at 1 [character 2 line 1]
Exception Cause : null

StackTrace:
	org.json.JSONTokener.syntaxError(JSONTokener.java:432)
	org.json.JSONArray.<init>(JSONArray.java:107)
	org.json.JSONArray.<init>(JSONArray.java:145)
	app.captureEasy.UI.BugTableModel.<init>(BugPanel.java:745)
	app.captureEasy.UI.BugPanel$17.run(BugPanel.java:692)
	java.awt.event.InvocationEvent.dispatch(Unknown Source)
	java.awt.EventQueue.dispatchEventImpl(Unknown Source)
	java.awt.EventQueue.access$500(Unknown Source)
	java.awt.EventQueue$3.run(Unknown Source)
	java.awt.EventQueue$3.run(Unknown Source)
	java.security.AccessController.doPrivileged(Native Method)
	java.security.ProtectionDomain$JavaSecurityAccessImpl.doIntersectionPrivilege(Unknown Source)
	java.awt.EventQueue.dispatchEvent(Unknown Source)
	java.awt.EventDispatchThread.pumpOneEventForFilters(Unknown Source)
	java.awt.EventDispatchThread.pumpEventsForFilter(Unknown Source)
	java.awt.EventDispatchThread.pumpEventsForHierarchy(Unknown Source)
	java.awt.EventDispatchThread.pumpEvents(Unknown Source)
	java.awt.EventDispatchThread.pumpEvents(Unknown Source)
	java.awt.EventDispatchThread.run(Unknown Source)

[22 Sep 2020 12:34:34.076]  User Message: Exception Occured on connecting web server...

Exception Class : java.net.UnknownHostException
Exception Message : api.github.com
Exception Cause : null

StackTrace:
	java.net.AbstractPlainSocketImpl.connect(Unknown Source)
	java.net.PlainSocketImpl.connect(Unknown Source)
	java.net.SocksSocketImpl.connect(Unknown Source)
	java.net.Socket.connect(Unknown Source)
	sun.security.ssl.SSLSocketImpl.connect(Unknown Source)
	sun.security.ssl.BaseSSLSocketImpl.connect(Unknown Source)
	sun.net.NetworkClient.doConnect(Unknown Source)
	sun.net.www.http.HttpClient.openServer(Unknown Source)
	sun.net.www.http.HttpClient.openServer(Unknown Source)
	sun.net.www.protocol.https.HttpsClient.<init>(Unknown Source)
	sun.net.www.protocol.https.HttpsClient.New(Unknown Source)
	sun.net.www.protocol.https.AbstractDelegateHttpsURLConnection.getNewHttpClient(Unknown Source)
	sun.net.www.protocol.http.HttpURLConnection.plainConnect0(Unknown Source)
	sun.net.www.protocol.http.HttpURLConnection.plainConnect(Unknown Source)
	sun.net.www.protocol.https.AbstractDelegateHttpsURLConnection.connect(Unknown Source)
	sun.net.www.protocol.http.HttpURLConnection.getInputStream0(Unknown Source)
	sun.net.www.protocol.http.HttpURLConnection.getInputStream(Unknown Source)
	sun.net.www.protocol.https.HttpsURLConnectionImpl.getInputStream(Unknown Source)
	java.net.URL.openStream(Unknown Source)
	app.captureEasy.web.SoftwareUpdate.GET(SoftwareUpdate.java:74)
	app.captureEasy.web.SoftwareUpdate.checkForUpdates(SoftwareUpdate.java:59)
	app.captureEasy.Launch.Application$1.run(Application.java:151)
	java.util.TimerThread.mainLoop(Unknown Source)
	java.util.TimerThread.run(Unknown Source)

[22 Sep 2020 12:34:37.658]  User Message: org.json.JSONException Exception occured while fetching Issues

Exception Class : org.json.JSONException
Exception Message : A JSONArray text must start with '[' at 1 [character 2 line 1]
Exception Cause : null

StackTrace:
	org.json.JSONTokener.syntaxError(JSONTokener.java:432)
	org.json.JSONArray.<init>(JSONArray.java:107)
	org.json.JSONArray.<init>(JSONArray.java:145)
	app.captureEasy.UI.BugTableModel.<init>(BugPanel.java:751)
	app.captureEasy.UI.BugPanel$17.run(BugPanel.java:692)
	java.awt.event.InvocationEvent.dispatch(Unknown Source)
	java.awt.EventQueue.dispatchEventImpl(Unknown Source)
	java.awt.EventQueue.access$500(Unknown Source)
	java.awt.EventQueue$3.run(Unknown Source)
	java.awt.EventQueue$3.run(Unknown Source)
	java.security.AccessController.doPrivileged(Native Method)
	java.security.ProtectionDomain$JavaSecurityAccessImpl.doIntersectionPrivilege(Unknown Source)
	java.awt.EventQueue.dispatchEvent(Unknown Source)
	java.awt.EventDispatchThread.pumpOneEventForFilters(Unknown Source)
	java.awt.EventDispatchThread.pumpEventsForFilter(Unknown Source)
	java.awt.EventDispatchThread.pumpEventsForHierarchy(Unknown Source)
	java.awt.EventDispatchThread.pumpEvents(Unknown Source)
	java.awt.EventDispatchThread.pumpEvents(Unknown Source)
	java.awt.EventDispatchThread.run(Unknown Source)

[22 Sep 2020 12:35:56.829]  User Message: Exception Occured on connecting web server...

Exception Class : java.net.UnknownHostException
Exception Message : api.github.com
Exception Cause : null

StackTrace:
	java.net.AbstractPlainSocketImpl.connect(Unknown Source)
	java.net.PlainSocketImpl.connect(Unknown Source)
	java.net.SocksSocketImpl.connect(Unknown Source)
	java.net.Socket.connect(Unknown Source)
	sun.security.ssl.SSLSocketImpl.connect(Unknown Source)
	sun.security.ssl.BaseSSLSocketImpl.connect(Unknown Source)
	sun.net.NetworkClient.doConnect(Unknown Source)
	sun.net.www.http.HttpClient.openServer(Unknown Source)
	sun.net.www.http.HttpClient.openServer(Unknown Source)
	sun.net.www.protocol.https.HttpsClient.<init>(Unknown Source)
	sun.net.www.protocol.https.HttpsClient.New(Unknown Source)
	sun.net.www.protocol.https.AbstractDelegateHttpsURLConnection.getNewHttpClient(Unknown Source)
	sun.net.www.protocol.http.HttpURLConnection.plainConnect0(Unknown Source)
	sun.net.www.protocol.http.HttpURLConnection.plainConnect(Unknown Source)
	sun.net.www.protocol.https.AbstractDelegateHttpsURLConnection.connect(Unknown Source)
	sun.net.www.protocol.http.HttpURLConnection.getInputStream0(Unknown Source)
	sun.net.www.protocol.http.HttpURLConnection.getInputStream(Unknown Source)
	sun.net.www.protocol.https.HttpsURLConnectionImpl.getInputStream(Unknown Source)
	java.net.URL.openStream(Unknown Source)
	app.captureEasy.web.SoftwareUpdate.GET(SoftwareUpdate.java:74)
	app.captureEasy.web.SoftwareUpdate.checkForUpdates(SoftwareUpdate.java:59)
	app.captureEasy.Launch.Application$1.run(Application.java:151)
	java.util.TimerThread.mainLoop(Unknown Source)
	java.util.TimerThread.run(Unknown Source)

[22 Sep 2020 12:35:59.077]  User Message: org.json.JSONException Exception occured while fetching Issues

Exception Class : org.json.JSONException
Exception Message : A JSONArray text must start with '[' at 1 [character 2 line 1]
Exception Cause : null

StackTrace:
	org.json.JSONTokener.syntaxError(JSONTokener.java:432)
	org.json.JSONArray.<init>(JSONArray.java:107)
	org.json.JSONArray.<init>(JSONArray.java:145)
	app.captureEasy.UI.BugTableModel.<init>(BugPanel.java:746)
	app.captureEasy.UI.BugPanel$17.run(BugPanel.java:692)
	java.awt.event.InvocationEvent.dispatch(Unknown Source)
	java.awt.EventQueue.dispatchEventImpl(Unknown Source)
	java.awt.EventQueue.access$500(Unknown Source)
	java.awt.EventQueue$3.run(Unknown Source)
	java.awt.EventQueue$3.run(Unknown Source)
	java.security.AccessController.doPrivileged(Native Method)
	java.security.ProtectionDomain$JavaSecurityAccessImpl.doIntersectionPrivilege(Unknown Source)
	java.awt.EventQueue.dispatchEvent(Unknown Source)
	java.awt.EventDispatchThread.pumpOneEventForFilters(Unknown Source)
	java.awt.EventDispatchThread.pumpEventsForFilter(Unknown Source)
	java.awt.EventDispatchThread.pumpEventsForHierarchy(Unknown Source)
	java.awt.EventDispatchThread.pumpEvents(Unknown Source)
	java.awt.EventDispatchThread.pumpEvents(Unknown Source)
	java.awt.EventDispatchThread.run(Unknown Source)

[22 Sep 2020 01:59:11.209]  User Message: org.json.JSONException Exception occured while Creating New Issues

Exception Class : org.json.JSONException
Exception Message : JSONObject["id"] not found.
Exception Cause : null

StackTrace:
	org.json.JSONObject.get(JSONObject.java:454)
	org.json.JSONObject.getInt(JSONObject.java:514)
	app.captureEasy.UI.BugPanel.submitBug(BugPanel.java:566)
	app.captureEasy.UI.BugPanel$10.actionPerformed(BugPanel.java:351)
	javax.swing.AbstractButton.fireActionPerformed(Unknown Source)
	javax.swing.AbstractButton$Handler.actionPerformed(Unknown Source)
	javax.swing.DefaultButtonModel.fireActionPerformed(Unknown Source)
	javax.swing.DefaultButtonModel.setPressed(Unknown Source)
	javax.swing.plaf.basic.BasicButtonListener.mouseReleased(Unknown Source)
	java.awt.Component.processMouseEvent(Unknown Source)
	javax.swing.JComponent.processMouseEvent(Unknown Source)
	java.awt.Component.processEvent(Unknown Source)
	java.awt.Container.processEvent(Unknown Source)
	java.awt.Component.dispatchEventImpl(Unknown Source)
	java.awt.Container.dispatchEventImpl(Unknown Source)
	java.awt.Component.dispatchEvent(Unknown Source)
	java.awt.LightweightDispatcher.retargetMouseEvent(Unknown Source)
	java.awt.LightweightDispatcher.processMouseEvent(Unknown Source)
	java.awt.LightweightDispatcher.dispatchEvent(Unknown Source)
	java.awt.Container.dispatchEventImpl(Unknown Source)
	java.awt.Window.dispatchEventImpl(Unknown Source)
	java.awt.Component.dispatchEvent(Unknown Source)
	java.awt.EventQueue.dispatchEventImpl(Unknown Source)
	java.awt.EventQueue.access$500(Unknown Source)
	java.awt.EventQueue$3.run(Unknown Source)
	java.awt.EventQueue$3.run(Unknown Source)
	java.security.AccessController.doPrivileged(Native Method)
	java.security.ProtectionDomain$JavaSecurityAccessImpl.doIntersectionPrivilege(Unknown Source)
	java.security.ProtectionDomain$JavaSecurityAccessImpl.doIntersectionPrivilege(Unknown Source)
	java.awt.EventQueue$4.run(Unknown Source)
	java.awt.EventQueue$4.run(Unknown Source)
	java.security.AccessController.doPrivileged(Native Method)
	java.security.ProtectionDomain$JavaSecurityAccessImpl.doIntersectionPrivilege(Unknown Source)
	java.awt.EventQueue.dispatchEvent(Unknown Source)
	java.awt.EventDispatchThread.pumpOneEventForFilters(Unknown Source)
	java.awt.EventDispatchThread.pumpEventsForFilter(Unknown Source)
	java.awt.EventDispatchThread.pumpEventsForHierarchy(Unknown Source)
	java.awt.EventDispatchThread.pumpEvents(Unknown Source)
	java.awt.EventDispatchThread.pumpEvents(Unknown Source)
	java.awt.EventDispatchThread.run(Unknown Source)

[22 Sep 2020 02:04:38.279]  User Message: org.json.JSONException Exception occured while Creating New Issues

Exception Class : org.json.JSONException
Exception Message : JSONObject["id"] not found.
Exception Cause : null

StackTrace:
	org.json.JSONObject.get(JSONObject.java:454)
	org.json.JSONObject.getInt(JSONObject.java:514)
	app.captureEasy.UI.BugPanel.submitBug(BugPanel.java:566)
	app.captureEasy.UI.BugPanel$10.actionPerformed(BugPanel.java:351)
	javax.swing.AbstractButton.fireActionPerformed(Unknown Source)
	javax.swing.AbstractButton$Handler.actionPerformed(Unknown Source)
	javax.swing.DefaultButtonModel.fireActionPerformed(Unknown Source)
	javax.swing.DefaultButtonModel.setPressed(Unknown Source)
	javax.swing.plaf.basic.BasicButtonListener.mouseReleased(Unknown Source)
	java.awt.Component.processMouseEvent(Unknown Source)
	javax.swing.JComponent.processMouseEvent(Unknown Source)
	java.awt.Component.processEvent(Unknown Source)
	java.awt.Container.processEvent(Unknown Source)
	java.awt.Component.dispatchEventImpl(Unknown Source)
	java.awt.Container.dispatchEventImpl(Unknown Source)
	java.awt.Component.dispatchEvent(Unknown Source)
	java.awt.LightweightDispatcher.retargetMouseEvent(Unknown Source)
	java.awt.LightweightDispatcher.processMouseEvent(Unknown Source)
	java.awt.LightweightDispatcher.dispatchEvent(Unknown Source)
	java.awt.Container.dispatchEventImpl(Unknown Source)
	java.awt.Window.dispatchEventImpl(Unknown Source)
	java.awt.Component.dispatchEvent(Unknown Source)
	java.awt.EventQueue.dispatchEventImpl(Unknown Source)
	java.awt.EventQueue.access$500(Unknown Source)
	java.awt.EventQueue$3.run(Unknown Source)
	java.awt.EventQueue$3.run(Unknown Source)
	java.security.AccessController.doPrivileged(Native Method)
	java.security.ProtectionDomain$JavaSecurityAccessImpl.doIntersectionPrivilege(Unknown Source)
	java.security.ProtectionDomain$JavaSecurityAccessImpl.doIntersectionPrivilege(Unknown Source)
	java.awt.EventQueue$4.run(Unknown Source)
	java.awt.EventQueue$4.run(Unknown Source)
	java.security.AccessController.doPrivileged(Native Method)
	java.security.ProtectionDomain$JavaSecurityAccessImpl.doIntersectionPrivilege(Unknown Source)
	java.awt.EventQueue.dispatchEvent(Unknown Source)
	java.awt.EventDispatchThread.pumpOneEventForFilters(Unknown Source)
	java.awt.EventDispatchThread.pumpEventsForFilter(Unknown Source)
	java.awt.EventDispatchThread.pumpEventsForHierarchy(Unknown Source)
	java.awt.EventDispatchThread.pumpEvents(Unknown Source)
	java.awt.EventDispatchThread.pumpEvents(Unknown Source)
	java.awt.EventDispatchThread.run(Unknown Source)

[22 Sep 2020 02:25:23.076]  User Message: org.json.JSONException Exception occured while Creating New Issues

Exception Class : org.json.JSONException
Exception Message : JSONObject["id"] not found.
Exception Cause : null

StackTrace:
	org.json.JSONObject.get(JSONObject.java:454)
	org.json.JSONObject.getInt(JSONObject.java:514)
	app.captureEasy.UI.BugPanel.submitBug(BugPanel.java:566)
	app.captureEasy.UI.BugPanel$10.actionPerformed(BugPanel.java:351)
	javax.swing.AbstractButton.fireActionPerformed(Unknown Source)
	javax.swing.AbstractButton$Handler.actionPerformed(Unknown Source)
	javax.swing.DefaultButtonModel.fireActionPerformed(Unknown Source)
	javax.swing.DefaultButtonModel.setPressed(Unknown Source)
	javax.swing.plaf.basic.BasicButtonListener.mouseReleased(Unknown Source)
	java.awt.Component.processMouseEvent(Unknown Source)
	javax.swing.JComponent.processMouseEvent(Unknown Source)
	java.awt.Component.processEvent(Unknown Source)
	java.awt.Container.processEvent(Unknown Source)
	java.awt.Component.dispatchEventImpl(Unknown Source)
	java.awt.Container.dispatchEventImpl(Unknown Source)
	java.awt.Component.dispatchEvent(Unknown Source)
	java.awt.LightweightDispatcher.retargetMouseEvent(Unknown Source)
	java.awt.LightweightDispatcher.processMouseEvent(Unknown Source)
	java.awt.LightweightDispatcher.dispatchEvent(Unknown Source)
	java.awt.Container.dispatchEventImpl(Unknown Source)
	java.awt.Window.dispatchEventImpl(Unknown Source)
	java.awt.Component.dispatchEvent(Unknown Source)
	java.awt.EventQueue.dispatchEventImpl(Unknown Source)
	java.awt.EventQueue.access$500(Unknown Source)
	java.awt.EventQueue$3.run(Unknown Source)
	java.awt.EventQueue$3.run(Unknown Source)
	java.security.AccessController.doPrivileged(Native Method)
	java.security.ProtectionDomain$JavaSecurityAccessImpl.doIntersectionPrivilege(Unknown Source)
	java.security.ProtectionDomain$JavaSecurityAccessImpl.doIntersectionPrivilege(Unknown Source)
	java.awt.EventQueue$4.run(Unknown Source)
	java.awt.EventQueue$4.run(Unknown Source)
	java.security.AccessController.doPrivileged(Native Method)
	java.security.ProtectionDomain$JavaSecurityAccessImpl.doIntersectionPrivilege(Unknown Source)
	java.awt.EventQueue.dispatchEvent(Unknown Source)
	java.awt.EventDispatchThread.pumpOneEventForFilters(Unknown Source)
	java.awt.EventDispatchThread.pumpEventsForFilter(Unknown Source)
	java.awt.EventDispatchThread.pumpEventsForHierarchy(Unknown Source)
	java.awt.EventDispatchThread.pumpEvents(Unknown Source)
	java.awt.EventDispatchThread.pumpEvents(Unknown Source)
	java.awt.EventDispatchThread.run(Unknown Source)

[22 Sep 2020 02:26:56.763]  User Message: org.json.JSONException Exception occured while Creating New Issues

Exception Class : org.json.JSONException
Exception Message : JSONObject["id"] not found.
Exception Cause : null

StackTrace:
	org.json.JSONObject.get(JSONObject.java:454)
	org.json.JSONObject.getInt(JSONObject.java:514)
	app.captureEasy.UI.BugPanel.submitBug(BugPanel.java:566)
	app.captureEasy.UI.BugPanel$10.actionPerformed(BugPanel.java:351)
	javax.swing.AbstractButton.fireActionPerformed(Unknown Source)
	javax.swing.AbstractButton$Handler.actionPerformed(Unknown Source)
	javax.swing.DefaultButtonModel.fireActionPerformed(Unknown Source)
	javax.swing.DefaultButtonModel.setPressed(Unknown Source)
	javax.swing.plaf.basic.BasicButtonListener.mouseReleased(Unknown Source)
	java.awt.Component.processMouseEvent(Unknown Source)
	javax.swing.JComponent.processMouseEvent(Unknown Source)
	java.awt.Component.processEvent(Unknown Source)
	java.awt.Container.processEvent(Unknown Source)
	java.awt.Component.dispatchEventImpl(Unknown Source)
	java.awt.Container.dispatchEventImpl(Unknown Source)
	java.awt.Component.dispatchEvent(Unknown Source)
	java.awt.LightweightDispatcher.retargetMouseEvent(Unknown Source)
	java.awt.LightweightDispatcher.processMouseEvent(Unknown Source)
	java.awt.LightweightDispatcher.dispatchEvent(Unknown Source)
	java.awt.Container.dispatchEventImpl(Unknown Source)
	java.awt.Window.dispatchEventImpl(Unknown Source)
	java.awt.Component.dispatchEvent(Unknown Source)
	java.awt.EventQueue.dispatchEventImpl(Unknown Source)
	java.awt.EventQueue.access$500(Unknown Source)
	java.awt.EventQueue$3.run(Unknown Source)
	java.awt.EventQueue$3.run(Unknown Source)
	java.security.AccessController.doPrivileged(Native Method)
	java.security.ProtectionDomain$JavaSecurityAccessImpl.doIntersectionPrivilege(Unknown Source)
	java.security.ProtectionDomain$JavaSecurityAccessImpl.doIntersectionPrivilege(Unknown Source)
	java.awt.EventQueue$4.run(Unknown Source)
	java.awt.EventQueue$4.run(Unknown Source)
	java.security.AccessController.doPrivileged(Native Method)
	java.security.ProtectionDomain$JavaSecurityAccessImpl.doIntersectionPrivilege(Unknown Source)
	java.awt.EventQueue.dispatchEvent(Unknown Source)
	java.awt.EventDispatchThread.pumpOneEventForFilters(Unknown Source)
	java.awt.EventDispatchThread.pumpEventsForFilter(Unknown Source)
	java.awt.EventDispatchThread.pumpEventsForHierarchy(Unknown Source)
	java.awt.EventDispatchThread.pumpEvents(Unknown Source)
	java.awt.EventDispatchThread.pumpEvents(Unknown Source)
	java.awt.EventDispatchThread.run(Unknown Source)

[22 Sep 2020 02:28:59.914]  User Message: org.json.JSONException Exception occured while Creating New Issues

Exception Class : org.json.JSONException
Exception Message : JSONObject["content"] not found.
Exception Cause : null

StackTrace:
	org.json.JSONObject.get(JSONObject.java:454)
	org.json.JSONObject.getJSONObject(JSONObject.java:553)
	app.captureEasy.UI.BugPanel.submitBug(BugPanel.java:568)
	app.captureEasy.UI.BugPanel$10.actionPerformed(BugPanel.java:351)
	javax.swing.AbstractButton.fireActionPerformed(Unknown Source)
	javax.swing.AbstractButton$Handler.actionPerformed(Unknown Source)
	javax.swing.DefaultButtonModel.fireActionPerformed(Unknown Source)
	javax.swing.DefaultButtonModel.setPressed(Unknown Source)
	javax.swing.plaf.basic.BasicButtonListener.mouseReleased(Unknown Source)
	java.awt.Component.processMouseEvent(Unknown Source)
	javax.swing.JComponent.processMouseEvent(Unknown Source)
	java.awt.Component.processEvent(Unknown Source)
	java.awt.Container.processEvent(Unknown Source)
	java.awt.Component.dispatchEventImpl(Unknown Source)
	java.awt.Container.dispatchEventImpl(Unknown Source)
	java.awt.Component.dispatchEvent(Unknown Source)
	java.awt.LightweightDispatcher.retargetMouseEvent(Unknown Source)
	java.awt.LightweightDispatcher.processMouseEvent(Unknown Source)
	java.awt.LightweightDispatcher.dispatchEvent(Unknown Source)
	java.awt.Container.dispatchEventImpl(Unknown Source)
	java.awt.Window.dispatchEventImpl(Unknown Source)
	java.awt.Component.dispatchEvent(Unknown Source)
	java.awt.EventQueue.dispatchEventImpl(Unknown Source)
	java.awt.EventQueue.access$500(Unknown Source)
	java.awt.EventQueue$3.run(Unknown Source)
	java.awt.EventQueue$3.run(Unknown Source)
	java.security.AccessController.doPrivileged(Native Method)
	java.security.ProtectionDomain$JavaSecurityAccessImpl.doIntersectionPrivilege(Unknown Source)
	java.security.ProtectionDomain$JavaSecurityAccessImpl.doIntersectionPrivilege(Unknown Source)
	java.awt.EventQueue$4.run(Unknown Source)
	java.awt.EventQueue$4.run(Unknown Source)
	java.security.AccessController.doPrivileged(Native Method)
	java.security.ProtectionDomain$JavaSecurityAccessImpl.doIntersectionPrivilege(Unknown Source)
	java.awt.EventQueue.dispatchEvent(Unknown Source)
	java.awt.EventDispatchThread.pumpOneEventForFilters(Unknown Source)
	java.awt.EventDispatchThread.pumpEventsForFilter(Unknown Source)
	java.awt.EventDispatchThread.pumpEventsForHierarchy(Unknown Source)
	java.awt.EventDispatchThread.pumpEvents(Unknown Source)
	java.awt.EventDispatchThread.pumpEvents(Unknown Source)
	java.awt.EventDispatchThread.run(Unknown Source)

[22 Sep 2020 02:29:03.789]  User Message: org.json.JSONException Exception occured while Creating New Issues

Exception Class : org.json.JSONException
Exception Message : JSONObject["id"] not found.
Exception Cause : null

StackTrace:
	org.json.JSONObject.get(JSONObject.java:454)
	org.json.JSONObject.getInt(JSONObject.java:514)
	app.captureEasy.UI.BugPanel.submitBug(BugPanel.java:566)
	app.captureEasy.UI.BugPanel$10.actionPerformed(BugPanel.java:351)
	javax.swing.AbstractButton.fireActionPerformed(Unknown Source)
	javax.swing.AbstractButton$Handler.actionPerformed(Unknown Source)
	javax.swing.DefaultButtonModel.fireActionPerformed(Unknown Source)
	javax.swing.DefaultButtonModel.setPressed(Unknown Source)
	javax.swing.plaf.basic.BasicButtonListener.mouseReleased(Unknown Source)
	java.awt.Component.processMouseEvent(Unknown Source)
	javax.swing.JComponent.processMouseEvent(Unknown Source)
	java.awt.Component.processEvent(Unknown Source)
	java.awt.Container.processEvent(Unknown Source)
	java.awt.Component.dispatchEventImpl(Unknown Source)
	java.awt.Container.dispatchEventImpl(Unknown Source)
	java.awt.Component.dispatchEvent(Unknown Source)
	java.awt.LightweightDispatcher.retargetMouseEvent(Unknown Source)
	java.awt.LightweightDispatcher.processMouseEvent(Unknown Source)
	java.awt.LightweightDispatcher.dispatchEvent(Unknown Source)
	java.awt.Container.dispatchEventImpl(Unknown Source)
	java.awt.Window.dispatchEventImpl(Unknown Source)
	java.awt.Component.dispatchEvent(Unknown Source)
	java.awt.EventQueue.dispatchEventImpl(Unknown Source)
	java.awt.EventQueue.access$500(Unknown Source)
	java.awt.EventQueue$3.run(Unknown Source)
	java.awt.EventQueue$3.run(Unknown Source)
	java.security.AccessController.doPrivileged(Native Method)
	java.security.ProtectionDomain$JavaSecurityAccessImpl.doIntersectionPrivilege(Unknown Source)
	java.security.ProtectionDomain$JavaSecurityAccessImpl.doIntersectionPrivilege(Unknown Source)
	java.awt.EventQueue$4.run(Unknown Source)
	java.awt.EventQueue$4.run(Unknown Source)
	java.security.AccessController.doPrivileged(Native Method)
	java.security.ProtectionDomain$JavaSecurityAccessImpl.doIntersectionPrivilege(Unknown Source)
	java.awt.EventQueue.dispatchEvent(Unknown Source)
	java.awt.EventDispatchThread.pumpOneEventForFilters(Unknown Source)
	java.awt.EventDispatchThread.pumpEventsForFilter(Unknown Source)
	java.awt.EventDispatchThread.pumpEventsForHierarchy(Unknown Source)
	java.awt.EventDispatchThread.pumpEvents(Unknown Source)
	java.awt.EventDispatchThread.pumpEvents(Unknown Source)
	java.awt.EventDispatchThread.run(Unknown Source)

[22 Sep 2020 11:45:58.534]  User Message: org.json.JSONException Exception occured while Creating New Issues

Exception Class : org.json.JSONException
Exception Message : JSONObject["id"] not found.
Exception Cause : null

StackTrace:
	org.json.JSONObject.get(JSONObject.java:454)
	org.json.JSONObject.getInt(JSONObject.java:514)
	app.captureEasy.UI.BugPanel.submitBug(BugPanel.java:554)
	app.captureEasy.UI.BugPanel$10.actionPerformed(BugPanel.java:340)
	javax.swing.AbstractButton.fireActionPerformed(Unknown Source)
	javax.swing.AbstractButton$Handler.actionPerformed(Unknown Source)
	javax.swing.DefaultButtonModel.fireActionPerformed(Unknown Source)
	javax.swing.DefaultButtonModel.setPressed(Unknown Source)
	javax.swing.plaf.basic.BasicButtonListener.mouseReleased(Unknown Source)
	java.awt.Component.processMouseEvent(Unknown Source)
	javax.swing.JComponent.processMouseEvent(Unknown Source)
	java.awt.Component.processEvent(Unknown Source)
	java.awt.Container.processEvent(Unknown Source)
	java.awt.Component.dispatchEventImpl(Unknown Source)
	java.awt.Container.dispatchEventImpl(Unknown Source)
	java.awt.Component.dispatchEvent(Unknown Source)
	java.awt.LightweightDispatcher.retargetMouseEvent(Unknown Source)
	java.awt.LightweightDispatcher.processMouseEvent(Unknown Source)
	java.awt.LightweightDispatcher.dispatchEvent(Unknown Source)
	java.awt.Container.dispatchEventImpl(Unknown Source)
	java.awt.Window.dispatchEventImpl(Unknown Source)
	java.awt.Component.dispatchEvent(Unknown Source)
	java.awt.EventQueue.dispatchEventImpl(Unknown Source)
	java.awt.EventQueue.access$500(Unknown Source)
	java.awt.EventQueue$3.run(Unknown Source)
	java.awt.EventQueue$3.run(Unknown Source)
	java.security.AccessController.doPrivileged(Native Method)
	java.security.ProtectionDomain$JavaSecurityAccessImpl.doIntersectionPrivilege(Unknown Source)
	java.security.ProtectionDomain$JavaSecurityAccessImpl.doIntersectionPrivilege(Unknown Source)
	java.awt.EventQueue$4.run(Unknown Source)
	java.awt.EventQueue$4.run(Unknown Source)
	java.security.AccessController.doPrivileged(Native Method)
	java.security.ProtectionDomain$JavaSecurityAccessImpl.doIntersectionPrivilege(Unknown Source)
	java.awt.EventQueue.dispatchEvent(Unknown Source)
	java.awt.EventDispatchThread.pumpOneEventForFilters(Unknown Source)
	java.awt.EventDispatchThread.pumpEventsForFilter(Unknown Source)
	java.awt.EventDispatchThread.pumpEventsForHierarchy(Unknown Source)
	java.awt.EventDispatchThread.pumpEvents(Unknown Source)
	java.awt.EventDispatchThread.pumpEvents(Unknown Source)
	java.awt.EventDispatchThread.run(Unknown Source)

