[24 Sep 2020 09:36:57.887]  |void clearFilesTask() Method successfully executed within 10 milisecond.
[24 Sep 2020 09:37:01.746]  |void ActionGUIInit(List tabs) Method from <init>[ActionGUI.java:74] called with [[Bug]] at 2020-09-24 09:37:01.746
[24 Sep 2020 09:37:01.816]  |	 void BugPanelInit(JTabbedPane TabbledPanel) Method from <init>[BugPanel.java:95] called with [javax.swing.JTabbedPane[,12,13,551x324,invalid,layout=javax.swing.plaf.basic.BasicTabbedPaneUI$TabbedPaneScrollLayout,alignmentX=0.0,alignmentY=0.0,border=javax.swing.border.MatteBorder@1071bfa1,flags=50332008,maximumSize=,minimumSize=,preferredSize=java.awt.Dimension[width=550,height=260],haveRegistered=false,tabPlacement=LEFT]] at 2020-09-24 09:37:01.816
[24 Sep 2020 09:37:01.876]  |	 void BugPanelInit(JTabbedPane TabbledPanel) Method successfully executed within 60 milisecond.
[24 Sep 2020 09:37:01.876]  |	 void stateChanged(ChangeEvent arg0) Method from fireStateChanged[null:-1] called with [javax.swing.event.ChangeEvent[source=javax.swing.JTabbedPane[,12,13,551x324,invalid,layout=javax.swing.plaf.basic.BasicTabbedPaneUI$TabbedPaneScrollLayout,alignmentX=0.0,alignmentY=0.0,border=javax.swing.border.MatteBorder@1071bfa1,flags=50332008,maximumSize=,minimumSize=,preferredSize=java.awt.Dimension[width=550,height=260],haveRegistered=false,tabPlacement=LEFT]]] at 2020-09-24 09:37:01.876
[24 Sep 2020 09:37:01.876]  |	 	 void loadMenu() Method from stateChanged[ActionGUI.java:561] called with [] at 2020-09-24 09:37:01.876
[24 Sep 2020 09:37:01.936]  |	 	 	 void setPlaceholder(String s) Method from loadMenu[BugPanel.java:169] called with [ Search...] at 2020-09-24 09:37:01.936
[24 Sep 2020 09:37:01.936]  |	 	 	 void setPlaceholder(String s) Method successfully executed within 0 milisecond.
[24 Sep 2020 09:37:02.145]  |	 	 void loadMenu() Method successfully executed within 269 milisecond.
[24 Sep 2020 09:37:02.155]  |	 	 void loadBugs() Method from stateChanged[ActionGUI.java:562] called with [] at 2020-09-24 09:37:02.145
[24 Sep 2020 09:37:02.165]  |	 	 	 void showIssues(String state) Method from loadBugs[BugPanel.java:730] called with [all] at 2020-09-24 09:37:02.165
[24 Sep 2020 09:37:02.165]  |	 	 	 void showIssues(String state) Method successfully executed within 0 milisecond.
[24 Sep 2020 09:37:02.165]  |	 	 void loadBugs() Method successfully executed within 20 milisecond.
[24 Sep 2020 09:37:02.165]  |	 void stateChanged(ChangeEvent arg0) Method successfully executed within 289 milisecond.
[24 Sep 2020 09:37:02.175]  |void ActionGUIInit(List tabs) Method successfully executed within 429 milisecond.
[24 Sep 2020 09:37:02.225]  |void setText(String text) Method from <init>[ToastMsg.java:29] called with [Please wait] at 2020-09-24 09:37:02.225
[24 Sep 2020 09:37:02.225]  |	 void setEndLocation(int x,int y) Method from setText[ToastMsg.java:37] called with [0, 0] at 2020-09-24 09:37:02.225
[24 Sep 2020 09:37:02.225]  |	 void setEndLocation(int x,int y) Method successfully executed within 0 milisecond.
[24 Sep 2020 09:37:02.235]  |void setText(String text) Method successfully executed within 10 milisecond.
[24 Sep 2020 09:37:02.235]  |void setLocation(int x,int y) Method from run[BugPanel.java:749] called with [908, 439] at 2020-09-24 09:37:02.235
[24 Sep 2020 09:37:02.235]  |void setLocation(int x,int y) Method successfully executed within 0 milisecond.
[24 Sep 2020 09:37:02.235]  |void showToast() Method from run[BugPanel.java:750] called with [] at 2020-09-24 09:37:02.235
[24 Sep 2020 09:37:02.245]  |void showToast() Method successfully executed within 0 milisecond.
[24 Sep 2020 09:37:02.245]  |StringBuilder HttpGet(String URL) Method from run[BugPanel.java:752] called with [https://api.github.com/repos/souvik-sarkar-98/CaptureEasy/issues?state=all] at 2020-09-24 09:37:02.245
[24 Sep 2020 09:37:02.255]  |	 void terminationLogic() Method from run[ToastMsg.java:94] called with [] at 2020-09-24 09:37:02.255
[24 Sep 2020 09:37:02.415]  |	 StringBuilder HttpGet(String URL) Method successfully executed within 160 milisecond and returned  .
[24 Sep 2020 09:37:02.416]  |	 void PopUpInit(String title,String PopUpType,String text,String OkButton_Text,String cancelButton_Text) Method from <init>[PopUp.java:63] called with [ERROR, error, org.json.JSONException Occured. Please try again.

If still not resolved then 'Report a Bug' from Feature Menu., Ok, I understood, ] at 2020-09-24 09:37:02.416
[24 Sep 2020 09:37:02.456]  |	 void PopUpInit(String title,String PopUpType,String text,String OkButton_Text,String cancelButton_Text) Method successfully executed within 40 milisecond.
[24 Sep 2020 09:37:02.466]  |void terminationLogic() Method successfully executed within 221 milisecond.
[24 Sep 2020 09:37:07.962]  |void unloadMenu() Method from mouseClicked[BugPanel.java:234] called with [] at 2020-09-24 09:37:07.962
[24 Sep 2020 09:37:07.962]  |void unloadMenu() Method successfully executed within 0 milisecond.
[24 Sep 2020 09:37:07.962]  |void unloadBugs() Method from mouseClicked[BugPanel.java:235] called with [] at 2020-09-24 09:37:07.962
[24 Sep 2020 09:37:07.962]  |void unloadBugs() Method successfully executed within 0 milisecond.
[24 Sep 2020 09:37:07.962]  |void loadNewBug() Method from mouseClicked[BugPanel.java:236] called with [] at 2020-09-24 09:37:07.962
[24 Sep 2020 09:37:08.301]  |void loadNewBug() Method successfully executed within 339 milisecond.
[24 Sep 2020 09:37:17.403]  |boolean validateBug() Method from actionPerformed[BugPanel.java:343] called with [] at 2020-09-24 09:37:17.402
[24 Sep 2020 09:37:17.404]  |boolean validateBug() Method successfully executed within 2 milisecond and returned  false.
[24 Sep 2020 09:37:23.917]  |boolean validateBug() Method from actionPerformed[BugPanel.java:343] called with [] at 2020-09-24 09:37:23.917
[24 Sep 2020 09:37:23.918]  |	 void PopUpInit(String title,String PopUpType,String text,String OkButton_Text,String cancelButton_Text) Method from <init>[PopUp.java:63] called with [Validation Failed, error, Description cannot contain : or ->, Ok, I understood, ] at 2020-09-24 09:37:23.918
[24 Sep 2020 09:37:23.958]  |	 void PopUpInit(String title,String PopUpType,String text,String OkButton_Text,String cancelButton_Text) Method successfully executed within 40 milisecond.
[24 Sep 2020 09:37:23.958]  |boolean validateBug() Method successfully executed within 41 milisecond and returned  false.
[24 Sep 2020 09:37:49.496]  |void initAppProperty(JSONObject JSONObj) Method from initialize[SharedResources.java:54] called with [null] at 2020-09-24 09:37:49.446
[24 Sep 2020 09:37:49.586]  |void initAppProperty(JSONObject JSONObj) Method successfully executed within 130 milisecond.
[24 Sep 2020 09:37:49.586]  |void launch() Method from <init>[Application.java:69] called with [] at 2020-09-24 09:37:49.586
[24 Sep 2020 09:37:49.596]  |	 boolean IsEmpty(String Path) Method from launch[Application.java:92] called with [<User Directory>\Resources\<Username>\Temp\320617908] at 2020-09-24 09:37:49.596
[24 Sep 2020 09:37:49.596]  |	 boolean IsEmpty(String Path) Method successfully executed within 0 milisecond and returned  true.
[24 Sep 2020 09:37:49.622]  |	 void SensorGUIInit() Method from <init>[SensorGUI.java:85] called with [] at 2020-09-24 09:37:49.622
[24 Sep 2020 09:37:49.942]  |	 void SensorGUIInit() Method successfully executed within 320 milisecond.
[24 Sep 2020 09:37:49.962]  |void launch() Method successfully executed within 366 milisecond.
[24 Sep 2020 09:37:49.962]  |void clearFilesTask() Method from run[Application.java:137] called with [] at 2020-09-24 09:37:49.962
[24 Sep 2020 09:37:49.962]  |	 void removeTempFiles(File dir,long min) Method from clearFilesTask[Library.java:799] called with [<User Directory>\Resources\<Username>\Temp\320617908, 30] at 2020-09-24 09:37:49.962
[24 Sep 2020 09:37:49.972]  |	 void removeTempFiles(File dir,long min) Method successfully executed within 0 milisecond.
[24 Sep 2020 09:37:49.972]  |	 void removeTempFiles(File dir,long min) Method from clearFilesTask[Library.java:799] called with [<User Directory>\Resources\<Username>\Temp\ExtractedImages, 30] at 2020-09-24 09:37:49.972
[24 Sep 2020 09:37:49.972]  |	 void removeTempFiles(File dir,long min) Method successfully executed within 0 milisecond.
[24 Sep 2020 09:37:49.982]  |void clearFilesTask() Method successfully executed within 20 milisecond.
[24 Sep 2020 09:37:54.605]  |void ActionGUIInit(List tabs) Method from <init>[ActionGUI.java:74] called with [[Bug]] at 2020-09-24 09:37:54.605
[24 Sep 2020 09:37:54.675]  |	 void BugPanelInit(JTabbedPane TabbledPanel) Method from <init>[BugPanel.java:95] called with [javax.swing.JTabbedPane[,12,13,551x324,invalid,layout=javax.swing.plaf.basic.BasicTabbedPaneUI$TabbedPaneScrollLayout,alignmentX=0.0,alignmentY=0.0,border=javax.swing.border.MatteBorder@5b6a19d5,flags=50332008,maximumSize=,minimumSize=,preferredSize=java.awt.Dimension[width=550,height=260],haveRegistered=false,tabPlacement=LEFT]] at 2020-09-24 09:37:54.675
[24 Sep 2020 09:37:54.675]  |	 void BugPanelInit(JTabbedPane TabbledPanel) Method successfully executed within 0 milisecond.
[24 Sep 2020 09:37:54.675]  |	 void stateChanged(ChangeEvent arg0) Method from fireStateChanged[null:-1] called with [javax.swing.event.ChangeEvent[source=javax.swing.JTabbedPane[,12,13,551x324,invalid,layout=javax.swing.plaf.basic.BasicTabbedPaneUI$TabbedPaneScrollLayout,alignmentX=0.0,alignmentY=0.0,border=javax.swing.border.MatteBorder@5b6a19d5,flags=50332008,maximumSize=,minimumSize=,preferredSize=java.awt.Dimension[width=550,height=260],haveRegistered=false,tabPlacement=LEFT]]] at 2020-09-24 09:37:54.675
[24 Sep 2020 09:37:54.675]  |	 	 void loadMenu() Method from stateChanged[ActionGUI.java:561] called with [] at 2020-09-24 09:37:54.675
[24 Sep 2020 09:37:54.735]  |	 	 	 void setPlaceholder(String s) Method from loadMenu[BugPanel.java:169] called with [ Search...] at 2020-09-24 09:37:54.735
[24 Sep 2020 09:37:54.735]  |	 	 	 void setPlaceholder(String s) Method successfully executed within 0 milisecond.
[24 Sep 2020 09:37:54.964]  |	 	 void loadMenu() Method successfully executed within 289 milisecond.
[24 Sep 2020 09:37:54.964]  |	 	 void loadBugs() Method from stateChanged[ActionGUI.java:562] called with [] at 2020-09-24 09:37:54.964
[24 Sep 2020 09:37:54.974]  |	 	 	 void showIssues(String state) Method from loadBugs[BugPanel.java:730] called with [all] at 2020-09-24 09:37:54.974
[24 Sep 2020 09:37:54.974]  |	 	 	 void showIssues(String state) Method successfully executed within 0 milisecond.
[24 Sep 2020 09:37:54.974]  |	 	 void loadBugs() Method successfully executed within 10 milisecond.
[24 Sep 2020 09:37:54.974]  |	 void stateChanged(ChangeEvent arg0) Method successfully executed within 299 milisecond.
[24 Sep 2020 09:37:55.014]  |void ActionGUIInit(List tabs) Method successfully executed within 409 milisecond.
[24 Sep 2020 09:37:55.124]  |void setText(String text) Method from <init>[ToastMsg.java:29] called with [Please wait] at 2020-09-24 09:37:55.124
[24 Sep 2020 09:37:55.124]  |	 void setEndLocation(int x,int y) Method from setText[ToastMsg.java:37] called with [0, 0] at 2020-09-24 09:37:55.124
[24 Sep 2020 09:37:55.124]  |	 void setEndLocation(int x,int y) Method successfully executed within 0 milisecond.
[24 Sep 2020 09:37:55.134]  |void setText(String text) Method successfully executed within 10 milisecond.
[24 Sep 2020 09:37:55.134]  |void setLocation(int x,int y) Method from run[BugPanel.java:749] called with [908, 439] at 2020-09-24 09:37:55.134
[24 Sep 2020 09:37:55.134]  |void setLocation(int x,int y) Method successfully executed within 0 milisecond.
[24 Sep 2020 09:37:55.134]  |void showToast() Method from run[BugPanel.java:750] called with [] at 2020-09-24 09:37:55.134
[24 Sep 2020 09:37:55.134]  |void showToast() Method successfully executed within 0 milisecond.
[24 Sep 2020 09:37:55.144]  |StringBuilder HttpGet(String URL) Method from run[BugPanel.java:752] called with [https://api.github.com/repos/souvik-sarkar-98/CaptureEasy/issues?state=all] at 2020-09-24 09:37:55.144
[24 Sep 2020 09:37:55.154]  |	 void terminationLogic() Method from run[ToastMsg.java:94] called with [] at 2020-09-24 09:37:55.154
[24 Sep 2020 09:37:55.318]  |	 StringBuilder HttpGet(String URL) Method successfully executed within 164 milisecond and returned  .
[24 Sep 2020 09:37:55.318]  |	 void PopUpInit(String title,String PopUpType,String text,String OkButton_Text,String cancelButton_Text) Method from <init>[PopUp.java:63] called with [ERROR, error, org.json.JSONException Occured. Please try again.

If still not resolved then 'Report a Bug' from Feature Menu., Ok, I understood, ] at 2020-09-24 09:37:55.318
[24 Sep 2020 09:37:55.368]  |	 void PopUpInit(String title,String PopUpType,String text,String OkButton_Text,String cancelButton_Text) Method successfully executed within 50 milisecond.
[24 Sep 2020 09:37:55.468]  |void terminationLogic() Method successfully executed within 324 milisecond.
[24 Sep 2020 09:37:58.601]  |void unloadMenu() Method from mouseClicked[BugPanel.java:234] called with [] at 2020-09-24 09:37:58.601
[24 Sep 2020 09:37:58.601]  |void unloadMenu() Method successfully executed within 0 milisecond.
[24 Sep 2020 09:37:58.601]  |void unloadBugs() Method from mouseClicked[BugPanel.java:235] called with [] at 2020-09-24 09:37:58.601
[24 Sep 2020 09:37:58.601]  |void unloadBugs() Method successfully executed within 0 milisecond.
[24 Sep 2020 09:37:58.601]  |void loadNewBug() Method from mouseClicked[BugPanel.java:236] called with [] at 2020-09-24 09:37:58.601
[24 Sep 2020 09:37:58.860]  |void loadNewBug() Method successfully executed within 259 milisecond.
[24 Sep 2020 09:38:05.769]  |boolean validateBug() Method from actionPerformed[BugPanel.java:343] called with [] at 2020-09-24 09:38:05.769
[24 Sep 2020 09:38:05.770]  |	 void PopUpInit(String title,String PopUpType,String text,String OkButton_Text,String cancelButton_Text) Method from <init>[PopUp.java:63] called with [Validation Failed, error, Description cannot contain ':' or '->', Ok, I understood, ] at 2020-09-24 09:38:05.77
[24 Sep 2020 09:38:05.860]  |	 void PopUpInit(String title,String PopUpType,String text,String OkButton_Text,String cancelButton_Text) Method successfully executed within 90 milisecond.
[24 Sep 2020 09:38:05.860]  |boolean validateBug() Method successfully executed within 91 milisecond and returned  false.
[24 Sep 2020 09:40:05.750]  |void initAppProperty(JSONObject JSONObj) Method from initialize[SharedResources.java:54] called with [null] at 2020-09-24 09:40:05.71
[24 Sep 2020 09:40:05.840]  |void initAppProperty(JSONObject JSONObj) Method successfully executed within 120 milisecond.
[24 Sep 2020 09:40:05.840]  |void launch() Method from <init>[Application.java:69] called with [] at 2020-09-24 09:40:05.84
[24 Sep 2020 09:40:05.850]  |	 boolean IsEmpty(String Path) Method from launch[Application.java:92] called with [<User Directory>\Resources\<Username>\Temp\320617908] at 2020-09-24 09:40:05.85
[24 Sep 2020 09:40:05.850]  |	 boolean IsEmpty(String Path) Method successfully executed within 0 milisecond and returned  true.
[24 Sep 2020 09:40:05.871]  |	 void SensorGUIInit() Method from <init>[SensorGUI.java:85] called with [] at 2020-09-24 09:40:05.871
[24 Sep 2020 09:40:06.191]  |	 void SensorGUIInit() Method successfully executed within 320 milisecond.
[24 Sep 2020 09:40:06.211]  |void launch() Method successfully executed within 371 milisecond.
[24 Sep 2020 09:40:06.221]  |void clearFilesTask() Method from run[Application.java:137] called with [] at 2020-09-24 09:40:06.221
[24 Sep 2020 09:40:06.221]  |	 void removeTempFiles(File dir,long min) Method from clearFilesTask[Library.java:799] called with [<User Directory>\Resources\<Username>\Temp\320617908, 30] at 2020-09-24 09:40:06.221
[24 Sep 2020 09:40:06.221]  |	 void removeTempFiles(File dir,long min) Method successfully executed within 0 milisecond.
[24 Sep 2020 09:40:06.221]  |	 void removeTempFiles(File dir,long min) Method from clearFilesTask[Library.java:799] called with [<User Directory>\Resources\<Username>\Temp\ExtractedImages, 30] at 2020-09-24 09:40:06.221
[24 Sep 2020 09:40:06.221]  |	 void removeTempFiles(File dir,long min) Method successfully executed within 0 milisecond.
[24 Sep 2020 09:40:06.231]  |void clearFilesTask() Method successfully executed within 10 milisecond.
[24 Sep 2020 09:40:11.093]  |void ActionGUIInit(List tabs) Method from <init>[ActionGUI.java:74] called with [[Bug]] at 2020-09-24 09:40:11.093
[24 Sep 2020 09:40:11.202]  |	 void BugPanelInit(JTabbedPane TabbledPanel) Method from <init>[BugPanel.java:95] called with [javax.swing.JTabbedPane[,12,13,551x324,invalid,layout=javax.swing.plaf.basic.BasicTabbedPaneUI$TabbedPaneScrollLayout,alignmentX=0.0,alignmentY=0.0,border=javax.swing.border.MatteBorder@41672f91,flags=50332008,maximumSize=,minimumSize=,preferredSize=java.awt.Dimension[width=550,height=260],haveRegistered=false,tabPlacement=LEFT]] at 2020-09-24 09:40:11.202
[24 Sep 2020 09:40:11.202]  |	 void BugPanelInit(JTabbedPane TabbledPanel) Method successfully executed within 0 milisecond.
[24 Sep 2020 09:40:11.202]  |	 void stateChanged(ChangeEvent arg0) Method from fireStateChanged[null:-1] called with [javax.swing.event.ChangeEvent[source=javax.swing.JTabbedPane[,12,13,551x324,invalid,layout=javax.swing.plaf.basic.BasicTabbedPaneUI$TabbedPaneScrollLayout,alignmentX=0.0,alignmentY=0.0,border=javax.swing.border.MatteBorder@41672f91,flags=50332008,maximumSize=,minimumSize=,preferredSize=java.awt.Dimension[width=550,height=260],haveRegistered=false,tabPlacement=LEFT]]] at 2020-09-24 09:40:11.202
[24 Sep 2020 09:40:11.202]  |	 	 void loadMenu() Method from stateChanged[ActionGUI.java:561] called with [] at 2020-09-24 09:40:11.202
[24 Sep 2020 09:40:11.272]  |	 	 	 void setPlaceholder(String s) Method from loadMenu[BugPanel.java:169] called with [ Search...] at 2020-09-24 09:40:11.272
[24 Sep 2020 09:40:11.272]  |	 	 	 void setPlaceholder(String s) Method successfully executed within 0 milisecond.
[24 Sep 2020 09:40:11.502]  |	 	 void loadMenu() Method successfully executed within 300 milisecond.
[24 Sep 2020 09:40:11.502]  |	 	 void loadBugs() Method from stateChanged[ActionGUI.java:562] called with [] at 2020-09-24 09:40:11.502
[24 Sep 2020 09:40:11.522]  |	 	 	 void showIssues(String state) Method from loadBugs[BugPanel.java:730] called with [all] at 2020-09-24 09:40:11.522
[24 Sep 2020 09:40:11.522]  |	 	 	 void showIssues(String state) Method successfully executed within 0 milisecond.
[24 Sep 2020 09:40:11.522]  |	 	 void loadBugs() Method successfully executed within 20 milisecond.
[24 Sep 2020 09:40:11.522]  |	 void stateChanged(ChangeEvent arg0) Method successfully executed within 320 milisecond.
[24 Sep 2020 09:40:11.552]  |void ActionGUIInit(List tabs) Method successfully executed within 459 milisecond.
[24 Sep 2020 09:40:11.762]  |void setText(String text) Method from <init>[ToastMsg.java:29] called with [Please wait] at 2020-09-24 09:40:11.762
[24 Sep 2020 09:40:11.772]  |	 void setEndLocation(int x,int y) Method from setText[ToastMsg.java:37] called with [0, 0] at 2020-09-24 09:40:11.762
[24 Sep 2020 09:40:11.772]  |	 void setEndLocation(int x,int y) Method successfully executed within 10 milisecond.
[24 Sep 2020 09:40:11.772]  |void setText(String text) Method successfully executed within 10 milisecond.
[24 Sep 2020 09:40:11.772]  |void setLocation(int x,int y) Method from run[BugPanel.java:749] called with [908, 439] at 2020-09-24 09:40:11.772
[24 Sep 2020 09:40:11.782]  |void setLocation(int x,int y) Method successfully executed within 0 milisecond.
[24 Sep 2020 09:40:11.782]  |void showToast() Method from run[BugPanel.java:750] called with [] at 2020-09-24 09:40:11.782
[24 Sep 2020 09:40:11.782]  |void showToast() Method successfully executed within 0 milisecond.
[24 Sep 2020 09:40:11.782]  |StringBuilder HttpGet(String URL) Method from run[BugPanel.java:752] called with [https://api.github.com/repos/souvik-sarkar-98/CaptureEasy/issues?state=all] at 2020-09-24 09:40:11.782
[24 Sep 2020 09:40:11.792]  |	 void terminationLogic() Method from run[ToastMsg.java:94] called with [] at 2020-09-24 09:40:11.792
[24 Sep 2020 09:40:11.949]  |	 StringBuilder HttpGet(String URL) Method successfully executed within 157 milisecond and returned  .
[24 Sep 2020 09:40:11.950]  |	 void PopUpInit(String title,String PopUpType,String text,String OkButton_Text,String cancelButton_Text) Method from <init>[PopUp.java:63] called with [ERROR, error, org.json.JSONException Occured. Please try again.

If still not resolved then 'Report a Bug' from Feature Menu., Ok, I understood, ] at 2020-09-24 09:40:11.95
[24 Sep 2020 09:40:11.990]  |	 void PopUpInit(String title,String PopUpType,String text,String OkButton_Text,String cancelButton_Text) Method successfully executed within 40 milisecond.
[24 Sep 2020 09:40:12.020]  |void terminationLogic() Method successfully executed within 238 milisecond.
[24 Sep 2020 09:40:14.801]  |void unloadMenu() Method from mouseClicked[BugPanel.java:234] called with [] at 2020-09-24 09:40:14.801
[24 Sep 2020 09:40:14.801]  |void unloadMenu() Method successfully executed within 0 milisecond.
[24 Sep 2020 09:40:14.801]  |void unloadBugs() Method from mouseClicked[BugPanel.java:235] called with [] at 2020-09-24 09:40:14.801
[24 Sep 2020 09:40:14.801]  |void unloadBugs() Method successfully executed within 0 milisecond.
[24 Sep 2020 09:40:14.801]  |void loadNewBug() Method from mouseClicked[BugPanel.java:236] called with [] at 2020-09-24 09:40:14.801
[24 Sep 2020 09:40:15.141]  |void loadNewBug() Method successfully executed within 340 milisecond.
[24 Sep 2020 09:40:28.721]  |boolean validateBug() Method from actionPerformed[BugPanel.java:343] called with [] at 2020-09-24 09:40:28.721
[24 Sep 2020 09:40:28.723]  |	 void PopUpInit(String title,String PopUpType,String text,String OkButton_Text,String cancelButton_Text) Method from <init>[PopUp.java:63] called with [Validation Failed, error, Please upload PROCESS_LOG_2020-09-24.log. It is allways better to upload all log files., Ok, I understood, ] at 2020-09-24 09:40:28.723
[24 Sep 2020 09:40:28.773]  |	 void PopUpInit(String title,String PopUpType,String text,String OkButton_Text,String cancelButton_Text) Method successfully executed within 40 milisecond.
[24 Sep 2020 09:40:28.773]  |boolean validateBug() Method successfully executed within 52 milisecond and returned  false.
[24 Sep 2020 09:40:39.061]  |JButton access$0(BugPanel arg0) Method from actionPerformed[BugPanel.java:438] called with [app.captureEasy.UI.BugPanel@37642ca] at 2020-09-24 09:40:39.061
[24 Sep 2020 09:40:39.061]  |JButton access$0(BugPanel arg0) Method successfully executed within 0 milisecond and returned  javax.swing.JButton[,369,200,30x35,alignmentX=0.0,alignmentY=0.5,border=javax.swing.plaf.BorderUIResource$CompoundBorderUIResource@57f63ffa,flags=296,maximumSize=,minimumSize=,preferredSize=,defaultIcon=javax.swing.ImageIcon@135d18cf,disabledIcon=,disabledSelectedIcon=,margin=javax.swing.plaf.InsetsUIResource[top=2,left=14,bottom=2,right=14],paintBorder=true,paintFocus=true,pressedIcon=,rolloverEnabled=true,rolloverIcon=,rolloverSelectedIcon=,selectedIcon=,text=,defaultCapable=true].
[24 Sep 2020 09:40:47.573]  |boolean validateBug() Method from actionPerformed[BugPanel.java:343] called with [] at 2020-09-24 09:40:47.573
[24 Sep 2020 09:40:47.574]  |boolean validateBug() Method successfully executed within 1 milisecond and returned  true.
[24 Sep 2020 09:40:47.574]  |int submitBug() Method from actionPerformed[BugPanel.java:344] called with [] at 2020-09-24 09:40:47.574
[24 Sep 2020 09:40:47.574]  |	 int getUniqueId() Method from submitBug[BugPanel.java:579] called with [] at 2020-09-24 09:40:47.574
[24 Sep 2020 09:40:47.577]  |	 int getUniqueId() Method successfully executed within 3 milisecond and returned  24360.
[24 Sep 2020 09:40:47.578]  |	 StringBuilder HttpPost(String URL,HashMap headers,String body) Method from submitBug[BugPanel.java:586] called with [https://api.github.com/repos/souvik-sarkar-98/CaptureEasy/issues, {Accept=application/vnd.github.v3+json}, {"title":"oks","body":"-><b>User Id<\/b>: 24360\n-><b>App Version<\/b>: V_0.7\n-><b>Area<\/b>: Launch\n-><b>Description<\/b>: jsahjdsh\nhhksd\nksahkd\n"}] at 2020-09-24 09:40:47.577
[24 Sep 2020 09:40:47.580]  |	 StringBuilder HttpPost(String URL,HashMap headers,String body) Method successfully executed within 3 milisecond and returned  .
[24 Sep 2020 09:40:47.580]  |	 void PopUpInit(String title,String PopUpType,String text,String OkButton_Text,String cancelButton_Text) Method from <init>[PopUp.java:63] called with [ERROR, error, org.json.JSONException Occured. Please try again.

If still not resolved then 'Report a Bug' from Feature Menu., Ok, I understood, ] at 2020-09-24 09:40:47.58
[24 Sep 2020 09:40:47.634]  |	 void PopUpInit(String title,String PopUpType,String text,String OkButton_Text,String cancelButton_Text) Method successfully executed within 54 milisecond.
[24 Sep 2020 09:40:47.634]  |int submitBug() Method successfully executed within 60 milisecond and returned  0.
[24 Sep 2020 09:56:27.192]  |void initAppProperty(JSONObject JSONObj) Method from initialize[SharedResources.java:54] called with [null] at 2020-09-24 09:56:27.152
[24 Sep 2020 09:56:27.292]  |void initAppProperty(JSONObject JSONObj) Method successfully executed within 130 milisecond.
[24 Sep 2020 09:56:27.292]  |void launch() Method from <init>[Application.java:69] called with [] at 2020-09-24 09:56:27.292
[24 Sep 2020 09:56:27.302]  |	 boolean IsEmpty(String Path) Method from launch[Application.java:92] called with [<User Directory>\Resources\<Username>\Temp\320617908] at 2020-09-24 09:56:27.302
[24 Sep 2020 09:56:27.312]  |	 boolean IsEmpty(String Path) Method successfully executed within 10 milisecond and returned  true.
[24 Sep 2020 09:56:27.335]  |	 void SensorGUIInit() Method from <init>[SensorGUI.java:85] called with [] at 2020-09-24 09:56:27.335
[24 Sep 2020 09:56:27.795]  |	 void SensorGUIInit() Method successfully executed within 460 milisecond.
[24 Sep 2020 09:56:27.805]  |void launch() Method successfully executed within 513 milisecond.
[24 Sep 2020 09:56:27.815]  |void clearFilesTask() Method from run[Application.java:137] called with [] at 2020-09-24 09:56:27.815
[24 Sep 2020 09:56:27.925]  |	 void removeTempFiles(File dir,long min) Method from clearFilesTask[Library.java:799] called with [<User Directory>\Resources\<Username>\Temp\320617908, 30] at 2020-09-24 09:56:27.925
[24 Sep 2020 09:56:27.925]  |	 void removeTempFiles(File dir,long min) Method successfully executed within 0 milisecond.
[24 Sep 2020 09:56:27.925]  |	 void removeTempFiles(File dir,long min) Method from clearFilesTask[Library.java:799] called with [<User Directory>\Resources\<Username>\Temp\ExtractedImages, 30] at 2020-09-24 09:56:27.925
[24 Sep 2020 09:56:27.925]  |	 void removeTempFiles(File dir,long min) Method successfully executed within 0 milisecond.
[24 Sep 2020 09:56:27.955]  |void clearFilesTask() Method successfully executed within 140 milisecond.
[24 Sep 2020 09:56:32.273]  |void ActionGUIInit(List tabs) Method from <init>[ActionGUI.java:74] called with [[Bug]] at 2020-09-24 09:56:32.273
[24 Sep 2020 09:56:32.483]  |	 void BugPanelInit(JTabbedPane TabbledPanel) Method from <init>[BugPanel.java:95] called with [javax.swing.JTabbedPane[,12,13,551x324,invalid,layout=javax.swing.plaf.basic.BasicTabbedPaneUI$TabbedPaneScrollLayout,alignmentX=0.0,alignmentY=0.0,border=javax.swing.border.MatteBorder@4c8d98db,flags=50332008,maximumSize=,minimumSize=,preferredSize=java.awt.Dimension[width=550,height=260],haveRegistered=false,tabPlacement=LEFT]] at 2020-09-24 09:56:32.483
[24 Sep 2020 09:56:32.483]  |	 void BugPanelInit(JTabbedPane TabbledPanel) Method successfully executed within 0 milisecond.
[24 Sep 2020 09:56:32.492]  |	 void stateChanged(ChangeEvent arg0) Method from fireStateChanged[null:-1] called with [javax.swing.event.ChangeEvent[source=javax.swing.JTabbedPane[,12,13,551x324,invalid,layout=javax.swing.plaf.basic.BasicTabbedPaneUI$TabbedPaneScrollLayout,alignmentX=0.0,alignmentY=0.0,border=javax.swing.border.MatteBorder@4c8d98db,flags=50332008,maximumSize=,minimumSize=,preferredSize=java.awt.Dimension[width=550,height=260],haveRegistered=false,tabPlacement=LEFT]]] at 2020-09-24 09:56:32.492
[24 Sep 2020 09:56:32.492]  |	 	 void loadMenu() Method from stateChanged[ActionGUI.java:561] called with [] at 2020-09-24 09:56:32.492
[24 Sep 2020 09:56:32.672]  |	 	 	 void setPlaceholder(String s) Method from loadMenu[BugPanel.java:169] called with [ Search...] at 2020-09-24 09:56:32.672
[24 Sep 2020 09:56:32.672]  |	 	 	 void setPlaceholder(String s) Method successfully executed within 0 milisecond.
[24 Sep 2020 09:56:33.092]  |	 	 void loadMenu() Method successfully executed within 600 milisecond.
[24 Sep 2020 09:56:33.092]  |	 	 void loadBugs() Method from stateChanged[ActionGUI.java:562] called with [] at 2020-09-24 09:56:33.092
[24 Sep 2020 09:56:33.172]  |	 	 	 void showIssues(String state) Method from loadBugs[BugPanel.java:730] called with [all] at 2020-09-24 09:56:33.172
[24 Sep 2020 09:56:33.182]  |	 	 	 void showIssues(String state) Method successfully executed within 10 milisecond.
[24 Sep 2020 09:56:33.182]  |	 	 void loadBugs() Method successfully executed within 90 milisecond.
[24 Sep 2020 09:56:33.182]  |	 void stateChanged(ChangeEvent arg0) Method successfully executed within 690 milisecond.
[24 Sep 2020 09:56:33.252]  |void ActionGUIInit(List tabs) Method successfully executed within 979 milisecond.
[24 Sep 2020 09:56:33.452]  |void setText(String text) Method from <init>[ToastMsg.java:29] called with [Please wait] at 2020-09-24 09:56:33.452
[24 Sep 2020 09:56:33.473]  |	 void setEndLocation(int x,int y) Method from setText[ToastMsg.java:37] called with [0, 0] at 2020-09-24 09:56:33.473
[24 Sep 2020 09:56:33.473]  |	 void setEndLocation(int x,int y) Method successfully executed within 0 milisecond.
[24 Sep 2020 09:56:33.482]  |void setText(String text) Method successfully executed within 30 milisecond.
[24 Sep 2020 09:56:33.482]  |void setLocation(int x,int y) Method from run[BugPanel.java:749] called with [908, 439] at 2020-09-24 09:56:33.482
[24 Sep 2020 09:56:33.482]  |void setLocation(int x,int y) Method successfully executed within 0 milisecond.
[24 Sep 2020 09:56:33.482]  |void showToast() Method from run[BugPanel.java:750] called with [] at 2020-09-24 09:56:33.482
[24 Sep 2020 09:56:33.492]  |void showToast() Method successfully executed within 10 milisecond.
[24 Sep 2020 09:56:33.492]  |StringBuilder HttpGet(String URL) Method from run[BugPanel.java:752] called with [https://api.github.com/repos/souvik-sarkar-98/CaptureEasy/issues?state=all] at 2020-09-24 09:56:33.492
[24 Sep 2020 09:56:33.502]  |	 void terminationLogic() Method from run[ToastMsg.java:94] called with [] at 2020-09-24 09:56:33.502
[24 Sep 2020 09:56:34.307]  |	 StringBuilder HttpGet(String URL) Method successfully executed within 805 milisecond and returned  [{"url":"https://api.github.com/repos/souvik-sarkar-98/CaptureEasy/issues/25","repository_url":"https://api.github.com/repos/souvik-sarkar-98/CaptureEasy","labels_url":"https://api.github.com/repos/souvik-sarkar-98/CaptureEasy/issues/25/labels{/name}","comments_url":"https://api.github.com/repos/souvik-sarkar-98/CaptureEasy/issues/25/comments","events_url":"https://api.github.com/repos/souvik-sarkar-98/CaptureEasy/issues/25/events","html_url":"https://github.com/souvik-sarkar-98/CaptureEasy/issues/25","id":707373667,"node_id":"MDU6SXNzdWU3MDczNzM2Njc=","number":25,"title":"creating bugs","user":{"login":"CaptureEasyUser","id":71650165,"node_id":"MDQ6VXNlcjcxNjUwMTY1","avatar_url":"https://avatars2.githubusercontent.com/u/71650165?v=4","gravatar_id":"","url":"https://api.github.com/users/CaptureEasyUser","html_url":"https://github.com/CaptureEasyUser","followers_url":"https://api.github.com/users/CaptureEasyUser/followers","following_url":"https://api.github.com/users/CaptureEasyUser/following{/other_user}","gists_url":"https://api.github.com/users/CaptureEasyUser/gists{/gist_id}","starred_url":"https://api.github.com/users/CaptureEasyUser/starred{/owner}{/repo}","subscriptions_url":"https://api.github.com/users/CaptureEasyUser/subscriptions","organizations_url":"https://api.github.com/users/CaptureEasyUser/orgs","repos_url":"https://api.github.com/users/CaptureEasyUser/repos","events_url":"https://api.github.com/users/CaptureEasyUser/events{/privacy}","received_events_url":"https://api.github.com/users/CaptureEasyUser/received_events","type":"User","site_admin":false},"labels":[],"state":"open","locked":false,"assignee":null,"assignees":[],"milestone":null,"comments":2,"created_at":"2020-09-23T13:36:23Z","updated_at":"2020-09-23T13:36:35Z","closed_at":null,"author_association":"CONTRIBUTOR","active_lock_reason":null,"body":"<b>*******\tThis Issue faced by User(102415) *******</b>\t\n\ncreating bugs\n\n\nokat\n\n\n okay","performed_via_github_app":null},{"url":"https://api.github.com/repos/souvik-sarkar-98/CaptureEasy/issues/24","repository_url":"https://api.github.com/repos/souvik-sarkar-98/CaptureEasy","labels_url":"https://api.github.com/repos/souvik-sarkar-98/CaptureEasy/issues/24/labels{/name}","comments_url":"https://api.github.com/repos/souvik-sarkar-98/CaptureEasy/issues/24/comments","events_url":"https://api.github.com/repos/souvik-sarkar-98/CaptureEasy/issues/24/events","html_url":"https://github.com/souvik-sarkar-98/CaptureEasy/issues/24","id":707354926,"node_id":"MDU6SXNzdWU3MDczNTQ5MjY=","number":24,"title":"Save is taking too long time","user":{"login":"CaptureEasyUser","id":71650165,"node_id":"MDQ6VXNlcjcxNjUwMTY1","avatar_url":"https://avatars2.githubusercontent.com/u/71650165?v=4","gravatar_id":"","url":"https://api.github.com/users/CaptureEasyUser","html_url":"https://github.com/CaptureEasyUser","followers_url":"https://api.github.com/users/CaptureEasyUser/followers","following_url":"https://api.github.com/users/CaptureEasyUser/following{/other_user}","gists_url":"https://api.github.com/users/CaptureEasyUser/gists{/gist_id}","starred_url":"https://api.github.com/users/CaptureEasyUser/starred{/owner}{/repo}","subscriptions_url":"https://api.github.com/users/CaptureEasyUser/subscriptions","organizations_url":"https://api.github.com/users/CaptureEasyUser/orgs","repos_url":"https://api.github.com/users/CaptureEasyUser/repos","events_url":"https://api.github.com/users/CaptureEasyUser/events{/privacy}","received_events_url":"https://api.github.com/users/CaptureEasyUser/received_events","type":"User","site_admin":false},"labels":[],"state":"open","locked":false,"assignee":null,"assignees":[],"milestone":null,"comments":2,"created_at":"2020-09-23T13:12:05Z","updated_at":"2020-09-23T13:12:15Z","closed_at":null,"author_association":"CONTRIBUTOR","active_lock_reason":null,"body":"<b>*******\tThis Issue faced by User(24360) *******</b>\t\n\nSatep:\n\n1.take screenshot\n2. then save it","performed_via_github_app":null},{"url":"https://api.github.com/repos/souvik-sarkar-98/CaptureEasy/issues/23","repository_url":"https://api.github.com/repos/souvik-sarkar-98/CaptureEasy","labels_url":"https://api.github.com/repos/souvik-sarkar-98/CaptureEasy/issues/23/labels{/name}","comments_url":"https://api.github.com/repos/souvik-sarkar-98/CaptureEasy/issues/23/comments","events_url":"https://api.github.com/repos/souvik-sarkar-98/CaptureEasy/issues/23/events","html_url":"https://github.com/souvik-sarkar-98/CaptureEasy/issues/23","id":707344876,"node_id":"MDU6SXNzdWU3MDczNDQ4NzY=","number":23,"title":"buggy","user":{"login":"CaptureEasyUser","id":71650165,"node_id":"MDQ6VXNlcjcxNjUwMTY1","avatar_url":"https://avatars2.githubusercontent.com/u/71650165?v=4","gravatar_id":"","url":"https://api.github.com/users/CaptureEasyUser","html_url":"https://github.com/CaptureEasyUser","followers_url":"https://api.github.com/users/CaptureEasyUser/followers","following_url":"https://api.github.com/users/CaptureEasyUser/following{/other_user}","gists_url":"https://api.github.com/users/CaptureEasyUser/gists{/gist_id}","starred_url":"https://api.github.com/users/CaptureEasyUser/starred{/owner}{/repo}","subscriptions_url":"https://api.github.com/users/CaptureEasyUser/subscriptions","organizations_url":"https://api.github.com/users/CaptureEasyUser/orgs","repos_url":"https://api.github.com/users/CaptureEasyUser/repos","events_url":"https://api.github.com/users/CaptureEasyUser/events{/privacy}","received_events_url":"https://api.github.com/users/CaptureEasyUser/received_events","type":"User","site_admin":false},"labels":[],"state":"open","locked":false,"assignee":null,"assignees":[],"milestone":null,"comments":3,"created_at":"2020-09-23T12:58:49Z","updated_at":"2020-09-23T13:01:34Z","closed_at":null,"author_association":"CONTRIBUTOR","active_lock_reason":null,"body":"*******\tThis Issue faced by User(24360) *******\t\n\nbuggy","performed_via_github_app":null},{"url":"https://api.github.com/repos/souvik-sarkar-98/CaptureEasy/issues/22","repository_url":"https://api.github.com/repos/souvik-sarkar-98/CaptureEasy","labels_url":"https://api.github.com/repos/souvik-sarkar-98/CaptureEasy/issues/22/labels{/name}","comments_url":"https://api.github.com/repos/souvik-sarkar-98/CaptureEasy/issues/22/comments","events_url":"https://api.github.com/repos/souvik-sarkar-98/CaptureEasy/issues/22/events","html_url":"https://github.com/souvik-sarkar-98/CaptureEasy/issues/22","id":707301146,"node_id":"MDU6SXNzdWU3MDczMDExNDY=","number":22,"title":"test","user":{"login":"CaptureEasyUser","id":71650165,"node_id":"MDQ6VXNlcjcxNjUwMTY1","avatar_url":"https://avatars2.githubusercontent.com/u/71650165?v=4","gravatar_id":"","url":"https://api.github.com/users/CaptureEasyUser","html_url":"https://github.com/CaptureEasyUser","followers_url":"https://api.github.com/users/CaptureEasyUser/followers","following_url":"https://api.github.com/users/CaptureEasyUser/following{/other_user}","gists_url":"https://api.github.com/users/CaptureEasyUser/gists{/gist_id}","starred_url":"https://api.github.com/users/CaptureEasyUser/starred{/owner}{/repo}","subscriptions_url":"https://api.github.com/users/CaptureEasyUser/subscriptions","organizations_url":"https://api.github.com/users/CaptureEasyUser/orgs","repos_url":"https://api.github.com/users/CaptureEasyUser/repos","events_url":"https://api.github.com/users/CaptureEasyUser/events{/privacy}","received_events_url":"https://api.github.com/users/CaptureEasyUser/received_events","type":"User","site_admin":false},"labels":[],"state":"open","locked":false,"assignee":null,"assignees":[],"milestone":null,"comments":1,"created_at":"2020-09-23T12:02:58Z","updated_at":"2020-09-23T12:03:04Z","closed_at":null,"author_association":"CONTRIBUTOR","active_lock_reason":null,"body":"<html><b>******* This Issue faced by <u>User(102415)</u> *******</b></br></br>test</html>","performed_via_github_app":null},{"url":"https://api.github.com/repos/souvik-sarkar-98/CaptureEasy/issues/21","repository_url":"https://api.github.com/repos/souvik-sarkar-98/CaptureEasy","labels_url":"https://api.github.com/repos/souvik-sarkar-98/CaptureEasy/issues/21/labels{/name}","comments_url":"https://api.github.com/repos/souvik-sarkar-98/CaptureEasy/issues/21/comments","events_url":"https://api.github.com/repos/souvik-sarkar-98/CaptureEasy/issues/21/events","html_url":"https://github.com/souvik-sarkar-98/CaptureEasy/issues/21","id":706636873,"node_id":"MDU6SXNzdWU3MDY2MzY4NzM=","number":21,"title":"dskgsdkah","user":{"login":"CaptureEasyUser","id":71650165,"node_id":"MDQ6VXNlcjcxNjUwMTY1","avatar_url":"https://avatars2.githubusercontent.com/u/71650165?v=4","gravatar_id":"","url":"https://api.github.com/users/CaptureEasyUser","html_url":"https://github.com/CaptureEasyUser","followers_url":"https://api.github.com/users/CaptureEasyUser/followers","following_url":"https://api.github.com/users/CaptureEasyUser/following{/other_user}","gists_url":"https://api.github.com/users/CaptureEasyUser/gists{/gist_id}","starred_url":"https://api.github.com/users/CaptureEasyUser/starred{/owner}{/repo}","subscriptions_url":"https://api.github.com/users/CaptureEasyUser/subscriptions","organizations_url":"https://api.github.com/users/CaptureEasyUser/orgs","repos_url":"https://api.github.com/users/CaptureEasyUser/repos","events_url":"https://api.github.com/users/CaptureEasyUser/events{/privacy}","received_events_url":"https://api.github.com/users/CaptureEasyUser/received_events","type":"User","site_admin":false},"labels":[],"state":"open","locked":false,"assignee":null,"assignees":[],"milestone":null,"comments":4,"created_at":"2020-09-22T19:29:21Z","updated_at":"2020-09-22T19:31:30Z","closed_at":null,"author_association":"CONTRIBUTOR","active_lock_reason":null,"body":"<html><b>******* This Issue faced by <u>User(24360)</u> *******</b></br></br>hhljoshaohsoushd</html>","performed_via_github_app":null},{"url":"https://api.github.com/repos/souvik-sarkar-98/CaptureEasy/issues/20","repository_url":"https://api.github.com/repos/souvik-sarkar-98/CaptureEasy","labels_url":"https://api.github.com/repos/souvik-sarkar-98/CaptureEasy/issues/20/labels{/name}","comments_url":"https://api.github.com/repos/souvik-sarkar-98/CaptureEasy/issues/20/comments","events_url":"https://api.github.com/repos/souvik-sarkar-98/CaptureEasy/issues/20/events","html_url":"https://github.com/souvik-sarkar-98/CaptureEasy/issues/20","id":706631475,"node_id":"MDU6SXNzdWU3MDY2MzE0NzU=","number":20,"title":"new Bug for testing","user":{"login":"CaptureEasyUser","id":71650165,"node_id":"MDQ6VXNlcjcxNjUwMTY1","avatar_url":"https://avatars2.githubusercontent.com/u/71650165?v=4","gravatar_id":"","url":"https://api.github.com/users/CaptureEasyUser","html_url":"https://github.com/CaptureEasyUser","followers_url":"https://api.github.com/users/CaptureEasyUser/followers","following_url":"https://api.github.com/users/CaptureEasyUser/following{/other_user}","gists_url":"https://api.github.com/users/CaptureEasyUser/gists{/gist_id}","starred_url":"https://api.github.com/users/CaptureEasyUser/starred{/owner}{/repo}","subscriptions_url":"https://api.github.com/users/CaptureEasyUser/subscriptions","organizations_url":"https://api.github.com/users/CaptureEasyUser/orgs","repos_url":"https://api.github.com/users/CaptureEasyUser/repos","events_url":"https://api.github.com/users/CaptureEasyUser/events{/privacy}","received_events_url":"https://api.github.com/users/CaptureEasyUser/received_events","type":"User","site_admin":false},"labels":[],"state":"closed","locked":false,"assignee":null,"assignees":[],"milestone":null,"comments":0,"created_at":"2020-09-22T19:20:03Z","updated_at":"2020-09-22T19:23:41Z","closed_at":"2020-09-22T19:23:41Z","author_association":"CONTRIBUTOR","active_lock_reason":null,"body":"<html><b>******* This Issue faced by <u>User(24360)</u> *******</b></br></br>this bug will be deleted</html>","performed_via_github_app":null},{"url":"https://api.github.com/repos/souvik-sarkar-98/CaptureEasy/issues/19","repository_url":"https://api.github.com/repos/souvik-sarkar-98/CaptureEasy","labels_url":"https://api.github.com/repos/souvik-sarkar-98/CaptureEasy/issues/19/labels{/name}","comments_url":"https://api.github.com/repos/souvik-sarkar-98/CaptureEasy/issues/19/comments","events_url":"https://api.github.com/repos/souvik-sarkar-98/CaptureEasy/issues/19/events","html_url":"https://github.com/souvik-sarkar-98/CaptureEasy/issues/19","id":706114299,"node_id":"MDU6SXNzdWU3MDYxMTQyOTk=","number":19,"title":"test Bug","user":{"login":"CaptureEasyUser","id":71650165,"node_id":"MDQ6VXNlcjcxNjUwMTY1","avatar_url":"https://avatars2.githubusercontent.com/u/71650165?v=4","gravatar_id":"","url":"https://api.github.com/users/CaptureEasyUser","html_url":"https://github.com/CaptureEasyUser","followers_url":"https://api.github.com/users/CaptureEasyUser/followers","following_url":"https://api.github.com/users/CaptureEasyUser/following{/other_user}","gists_url":"https://api.github.com/users/CaptureEasyUser/gists{/gist_id}","starred_url":"https://api.github.com/users/CaptureEasyUser/starred{/owner}{/repo}","subscriptions_url":"https://api.github.com/users/CaptureEasyUser/subscriptions","organizations_url":"https://api.github.com/users/CaptureEasyUser/orgs","repos_url":"https://api.github.com/users/CaptureEasyUser/repos","events_url":"https://api.github.com/users/CaptureEasyUser/events{/privacy}","received_events_url":"https://api.github.com/users/CaptureEasyUser/received_events","type":"User","site_admin":false},"labels":[],"state":"open","locked":false,"assignee":null,"assignees":[],"milestone":null,"comments":3,"created_at":"2020-09-22T06:28:34Z","updated_at":"2020-09-22T17:53:05Z","closed_at":null,"author_association":"CONTRIBUTOR","active_lock_reason":null,"body":"******* This Issue faced by User(24360) *******hushakudh","performed_via_github_app":null},{"url":"https://api.github.com/repos/souvik-sarkar-98/CaptureEasy/issues/18","repository_url":"https://api.github.com/repos/souvik-sarkar-98/CaptureEasy","labels_url":"https://api.github.com/repos/souvik-sarkar-98/CaptureEasy/issues/18/labels{/name}","comments_url":"https://api.github.com/repos/souvik-sarkar-98/CaptureEasy/issues/18/comments","events_url":"https://api.github.com/repos/souvik-sarkar-98/CaptureEasy/issues/18/events","html_url":"https://github.com/souvik-sarkar-98/CaptureEasy/issues/18","id":706110459,"node_id":"MDU6SXNzdWU3MDYxMTA0NTk=","number":18,"title":"nilu","user":{"login":"CaptureEasyUser","id":71650165,"node_id":"MDQ6VXNlcjcxNjUwMTY1","avatar_url":"https://avatars2.githubusercontent.com/u/71650165?v=4","gravatar_id":"","url":"https://api.github.com/users/CaptureEasyUser","html_url":"https://github.com/CaptureEasyUser","followers_url":"https://api.github.com/users/CaptureEasyUser/followers","following_url":"https://api.github.com/users/CaptureEasyUser/following{/other_user}","gists_url":"https://api.github.com/users/CaptureEasyUser/gists{/gist_id}","starred_url":"https://api.github.com/users/CaptureEasyUser/starred{/owner}{/repo}","subscriptions_url":"https://api.github.com/users/CaptureEasyUser/subscriptions","organizations_url":"https://api.github.com/users/CaptureEasyUser/orgs","repos_url":"https://api.github.com/users/CaptureEasyUser/repos","events_url":"https://api.github.com/users/CaptureEasyUser/events{/privacy}","received_events_url":"https://api.github.com/users/CaptureEasyUser/received_events","type":"User","site_admin":false},"labels":[],"state":"open","locked":false,"assignee":null,"assignees":[],"milestone":null,"comments":0,"created_at":"2020-09-22T06:21:23Z","updated_at":"2020-09-22T06:21:23Z","closed_at":null,"author_association":"CONTRIBUTOR","active_lock_reason":null,"body":"******* This Issue faced by User(24360) *******omsa","performed_via_github_app":null},{"url":"https://api.github.com/repos/souvik-sarkar-98/CaptureEasy/issues/17","repository_url":"https://api.github.com/repos/souvik-sarkar-98/CaptureEasy","labels_url":"https://api.github.com/repos/souvik-sarkar-98/CaptureEasy/issues/17/labels{/name}","comments_url":"https://api.github.com/repos/souvik-sarkar-98/CaptureEasy/issues/17/comments","events_url":"https://api.github.com/repos/souvik-sarkar-98/CaptureEasy/issues/17/events","html_url":"https://github.com/souvik-sarkar-98/CaptureEasy/issues/17","id":705912460,"node_id":"MDU6SXNzdWU3MDU5MTI0NjA=","number":17,"title":"eref","user":{"login":"CaptureEasyUser","id":71650165,"node_id":"MDQ6VXNlcjcxNjUwMTY1","avatar_url":"https://avatars2.githubusercontent.com/u/71650165?v=4","gravatar_id":"","url":"https://api.github.com/users/CaptureEasyUser","html_url":"https://github.com/CaptureEasyUser","followers_url":"https://api.github.com/users/CaptureEasyUser/followers","following_url":"https://api.github.com/users/CaptureEasyUser/following{/other_user}","gists_url":"https://api.github.com/users/CaptureEasyUser/gists{/gist_id}","starred_url":"https://api.github.com/users/CaptureEasyUser/starred{/owner}{/repo}","subscriptions_url":"https://api.github.com/users/CaptureEasyUser/subscriptions","organizations_url":"https://api.github.com/users/CaptureEasyUser/orgs","repos_url":"https://api.github.com/users/CaptureEasyUser/repos","events_url":"https://api.github.com/users/CaptureEasyUser/events{/privacy}","received_events_url":"https://api.github.com/users/CaptureEasyUser/received_events","type":"User","site_admin":false},"labels":[],"state":"open","locked":false,"assignee":null,"assignees":[],"milestone":null,"comments":0,"created_at":"2020-09-21T20:58:57Z","updated_at":"2020-09-21T20:58:57Z","closed_at":null,"author_association":"CONTRIBUTOR","active_lock_reason":null,"body":"******* This Issue faced by User(24360) *******e2erer","performed_via_github_app":null},{"url":"https://api.github.com/repos/souvik-sarkar-98/CaptureEasy/issues/16","repository_url":"https://api.github.com/repos/souvik-sarkar-98/CaptureEasy","labels_url":"https://api.github.com/repos/souvik-sarkar-98/CaptureEasy/issues/16/labels{/name}","comments_url":"https://api.github.com/repos/souvik-sarkar-98/CaptureEasy/issues/16/comments","events_url":"https://api.github.com/repos/souvik-sarkar-98/CaptureEasy/issues/16/events","html_url":"https://github.com/souvik-sarkar-98/CaptureEasy/issues/16","id":705905167,"node_id":"MDU6SXNzdWU3MDU5MDUxNjc=","number":16,"title":"wqwqwss","user":{"login":"CaptureEasyUser","id":71650165,"node_id":"MDQ6VXNlcjcxNjUwMTY1","avatar_url":"https://avatars2.githubusercontent.com/u/71650165?v=4","gravatar_id":"","url":"https://api.github.com/users/CaptureEasyUser","html_url":"https://github.com/CaptureEasyUser","followers_url":"https://api.github.com/users/CaptureEasyUser/followers","following_url":"https://api.github.com/users/CaptureEasyUser/following{/other_user}","gists_url":"https://api.github.com/users/CaptureEasyUser/gists{/gist_id}","starred_url":"https://api.github.com/users/CaptureEasyUser/starred{/owner}{/repo}","subscriptions_url":"https://api.github.com/users/CaptureEasyUser/subscriptions","organizations_url":"https://api.github.com/users/CaptureEasyUser/orgs","repos_url":"https://api.github.com/users/CaptureEasyUser/repos","events_url":"https://api.github.com/users/CaptureEasyUser/events{/privacy}","received_events_url":"https://api.github.com/users/CaptureEasyUser/received_events","type":"User","site_admin":false},"labels":[],"state":"open","locked":false,"assignee":null,"assignees":[],"milestone":null,"comments":0,"created_at":"2020-09-21T20:46:47Z","updated_at":"2020-09-21T20:46:47Z","closed_at":null,"author_association":"CONTRIBUTOR","active_lock_reason":null,"body":"******* This Issue faced by User(24360) *******qwsqwwq","performed_via_github_app":null},{"url":"https://api.github.com/repos/souvik-sarkar-98/CaptureEasy/issues/15","repository_url":"https://api.github.com/repos/souvik-sarkar-98/CaptureEasy","labels_url":"https://api.github.com/repos/souvik-sarkar-98/CaptureEasy/issues/15/labels{/name}","comments_url":"https://api.github.com/repos/souvik-sarkar-98/CaptureEasy/issues/15/comments","events_url":"https://api.github.com/repos/souvik-sarkar-98/CaptureEasy/issues/15/events","html_url":"https://github.com/souvik-sarkar-98/CaptureEasy/issues/15","id":705898379,"node_id":"MDU6SXNzdWU3MDU4OTgzNzk=","number":15,"title":"tdthf","user":{"login":"CaptureEasyUser","id":71650165,"node_id":"MDQ6VXNlcjcxNjUwMTY1","avatar_url":"https://avatars2.githubusercontent.com/u/71650165?v=4","gravatar_id":"","url":"https://api.github.com/users/CaptureEasyUser","html_url":"https://github.com/CaptureEasyUser","followers_url":"https://api.github.com/users/CaptureEasyUser/followers","following_url":"https://api.github.com/users/CaptureEasyUser/following{/other_user}","gists_url":"https://api.github.com/users/CaptureEasyUser/gists{/gist_id}","starred_url":"https://api.github.com/users/CaptureEasyUser/starred{/owner}{/repo}","subscriptions_url":"https://api.github.com/users/CaptureEasyUser/subscriptions","organizations_url":"https://api.github.com/users/CaptureEasyUser/orgs","repos_url":"https://api.github.com/users/CaptureEasyUser/repos","events_url":"https://api.github.com/users/CaptureEasyUser/events{/privacy}","received_events_url":"https://api.github.com/users/CaptureEasyUser/received_events","type":"User","site_admin":false},"labels":[],"state":"open","locked":false,"assignee":null,"assignees":[],"milestone":null,"comments":1,"created_at":"2020-09-21T20:36:06Z","updated_at":"2020-09-21T20:43:01Z","closed_at":null,"author_association":"CONTRIBUTOR","active_lock_reason":null,"body":"This Issue faced by User(24360)tt","performed_via_github_app":null},{"url":"https://api.github.com/repos/souvik-sarkar-98/CaptureEasy/issues/14","repository_url":"https://api.github.com/repos/souvik-sarkar-98/CaptureEasy","labels_url":"https://api.github.com/repos/souvik-sarkar-98/CaptureEasy/issues/14/labels{/name}","comments_url":"https://api.github.com/repos/souvik-sarkar-98/CaptureEasy/issues/14/comments","events_url":"https://api.github.com/repos/souvik-sarkar-98/CaptureEasy/issues/14/events","html_url":"https://github.com/souvik-sarkar-98/CaptureEasy/issues/14","id":705802670,"node_id":"MDU6SXNzdWU3MDU4MDI2NzA=","number":14,"title":"ok google ","user":{"login":"CaptureEasyUser","id":71650165,"node_id":"MDQ6VXNlcjcxNjUwMTY1","avatar_url":"https://avatars2.githubusercontent.com/u/71650165?v=4","gravatar_id":"","url":"https://api.github.com/users/CaptureEasyUser","html_url":"https://github.com/CaptureEasyUser","followers_url":"https://api.github.com/users/CaptureEasyUser/followers","following_url":"https://api.github.com/users/CaptureEasyUser/following{/other_user}","gists_url":"https://api.github.com/users/CaptureEasyUser/gists{/gist_id}","starred_url":"https://api.github.com/users/CaptureEasyUser/starred{/owner}{/repo}","subscriptions_url":"https://api.github.com/users/CaptureEasyUser/subscriptions","organizations_url":"https://api.github.com/users/CaptureEasyUser/orgs","repos_url":"https://api.github.com/users/CaptureEasyUser/repos","events_url":"https://api.github.com/users/CaptureEasyUser/events{/privacy}","received_events_url":"https://api.github.com/users/CaptureEasyUser/received_events","type":"User","site_admin":false},"labels":[],"state":"closed","locked":false,"assignee":null,"assignees":[],"milestone":null,"comments":1,"created_at":"2020-09-21T17:57:28Z","updated_at":"2020-09-21T20:17:07Z","closed_at":"2020-09-21T18:48:27Z","author_association":"CONTRIBUTOR","active_lock_reason":null,"body":"facing issues","performed_via_github_app":null},{"url":"https://api.github.com/repos/souvik-sarkar-98/CaptureEasy/issues/13","repository_url":"https://api.github.com/repos/souvik-sarkar-98/CaptureEasy","labels_url":"https://api.github.com/repos/souvik-sarkar-98/CaptureEasy/issues/13/labels{/name}","comments_url":"https://api.github.com/repos/souvik-sarkar-98/CaptureEasy/issues/13/comments","events_url":"https://api.github.com/repos/souvik-sarkar-98/CaptureEasy/issues/13/events","html_url":"https://github.com/souvik-sarkar-98/CaptureEasy/issues/13","id":705781548,"node_id":"MDU6SXNzdWU3MDU3ODE1NDg=","number":13,"title":"test","user":{"login":"CaptureEasyUser","id":71650165,"node_id":"MDQ6VXNlcjcxNjUwMTY1","avatar_url":"https://avatars2.githubusercontent.com/u/71650165?v=4","gravatar_id":"","url":"https://api.github.com/users/CaptureEasyUser","html_url":"https://github.com/CaptureEasyUser","followers_url":"https://api.github.com/users/CaptureEasyUser/followers","following_url":"https://api.github.com/users/CaptureEasyUser/following{/other_user}","gists_url":"https://api.github.com/users/CaptureEasyUser/gists{/gist_id}","starred_url":"https://api.github.com/users/CaptureEasyUser/starred{/owner}{/repo}","subscriptions_url":"https://api.github.com/users/CaptureEasyUser/subscriptions","organizations_url":"https://api.github.com/users/CaptureEasyUser/orgs","repos_url":"https://api.github.com/users/CaptureEasyUser/repos","events_url":"https://api.github.com/users/CaptureEasyUser/events{/privacy}","received_events_url":"https://api.github.com/users/CaptureEasyUser/received_events","type":"User","site_admin":false},"labels":[],"state":"open","locked":false,"assignee":null,"assignees":[],"milestone":null,"comments":3,"created_at":"2020-09-21T17:22:45Z","updated_at":"2020-09-21T19:50:32Z","closed_at":null,"author_association":"CONTRIBUTOR","active_lock_reason":null,"body":"Test\r\n[PROCESS_LOG_12592.log](https://github.com/souvik-sarkar-98/CaptureEasy/files/5257017/PROCESS_LOG_12592.log)\r\n","performed_via_github_app":null},{"url":"https://api.github.com/repos/souvik-sarkar-98/CaptureEasy/issues/12","repository_url":"https://api.github.com/repos/souvik-sarkar-98/CaptureEasy","labels_url":"https://api.github.com/repos/souvik-sarkar-98/CaptureEasy/issues/12/labels{/name}","comments_url":"https://api.github.com/repos/souvik-sarkar-98/CaptureEasy/issues/12/comments","events_url":"https://api.github.com/repos/souvik-sarkar-98/CaptureEasy/issues/12/events","html_url":"https://github.com/souvik-sarkar-98/CaptureEasy/pull/12","id":705756463,"node_id":"MDExOlB1bGxSZXF1ZXN0NDkwNDI3Mzgw","number":12,"title":"update","user":{"login":"CaptureEasyUser","id":71650165,"node_id":"MDQ6VXNlcjcxNjUwMTY1","avatar_url":"https://avatars2.githubusercontent.com/u/71650165?v=4","gravatar_id":"","url":"https://api.github.com/users/CaptureEasyUser","html_url":"https://github.com/CaptureEasyUser","followers_url":"https://api.github.com/users/CaptureEasyUser/followers","following_url":"https://api.github.com/users/CaptureEasyUser/following{/other_user}","gists_url":"https://api.github.com/users/CaptureEasyUser/gists{/gist_id}","starred_url":"https://api.github.com/users/CaptureEasyUser/starred{/owner}{/repo}","subscriptions_url":"https://api.github.com/users/CaptureEasyUser/subscriptions","organizations_url":"https://api.github.com/users/CaptureEasyUser/orgs","repos_url":"https://api.github.com/users/CaptureEasyUser/repos","events_url":"https://api.github.com/users/CaptureEasyUser/events{/privacy}","received_events_url":"https://api.github.com/users/CaptureEasyUser/received_events","type":"User","site_admin":false},"labels":[],"state":"closed","locked":false,"assignee":null,"assignees":[],"milestone":null,"comments":0,"created_at":"2020-09-21T16:43:04Z","updated_at":"2020-09-21T16:44:22Z","closed_at":"2020-09-21T16:44:21Z","author_association":"CONTRIBUTOR","active_lock_reason":null,"pull_request":{"url":"https://api.github.com/repos/souvik-sarkar-98/CaptureEasy/pulls/12","html_url":"https://github.com/souvik-sarkar-98/CaptureEasy/pull/12","diff_url":"https://github.com/souvik-sarkar-98/CaptureEasy/pull/12.diff","patch_url":"https://github.com/souvik-sarkar-98/CaptureEasy/pull/12.patch"},"body":"","performed_via_github_app":null},{"url":"https://api.github.com/repos/souvik-sarkar-98/CaptureEasy/issues/5","repository_url":"https://api.github.com/repos/souvik-sarkar-98/CaptureEasy","labels_url":"https://api.github.com/repos/souvik-sarkar-98/CaptureEasy/issues/5/labels{/name}","comments_url":"https://api.github.com/repos/souvik-sarkar-98/CaptureEasy/issues/5/comments","events_url":"https://api.github.com/repos/souvik-sarkar-98/CaptureEasy/issues/5/events","html_url":"https://github.com/souvik-sarkar-98/CaptureEasy/issues/5","id":694258160,"node_id":"MDU6SXNzdWU2OTQyNTgxNjA=","number":5,"title":"ok google","user":{"login":"souvik-sarkar-98","id":59085419,"node_id":"MDQ6VXNlcjU5MDg1NDE5","avatar_url":"https://avatars2.githubusercontent.com/u/59085419?v=4","gravatar_id":"","url":"https://api.github.com/users/souvik-sarkar-98","html_url":"https://github.com/souvik-sarkar-98","followers_url":"https://api.github.com/users/souvik-sarkar-98/followers","following_url":"https://api.github.com/users/souvik-sarkar-98/following{/other_user}","gists_url":"https://api.github.com/users/souvik-sarkar-98/gists{/gist_id}","starred_url":"https://api.github.com/users/souvik-sarkar-98/starred{/owner}{/repo}","subscriptions_url":"https://api.github.com/users/souvik-sarkar-98/subscriptions","organizations_url":"https://api.github.com/users/souvik-sarkar-98/orgs","repos_url":"https://api.github.com/users/souvik-sarkar-98/repos","events_url":"https://api.github.com/users/souvik-sarkar-98/events{/privacy}","received_events_url":"https://api.github.com/users/souvik-sarkar-98/received_events","type":"User","site_admin":false},"labels":[],"state":"open","locked":false,"assignee":null,"assignees":[],"milestone":null,"comments":0,"created_at":"2020-09-06T05:34:05Z","updated_at":"2020-09-06T05:38:04Z","closed_at":null,"author_association":"OWNER","active_lock_reason":null,"body":"facing issues","performed_via_github_app":null},{"url":"https://api.github.com/repos/souvik-sarkar-98/CaptureEasy/issues/4","repository_url":"https://api.github.com/repos/souvik-sarkar-98/CaptureEasy","labels_url":"https://api.github.com/repos/souvik-sarkar-98/CaptureEasy/issues/4/labels{/name}","comments_url":"https://api.github.com/repos/souvik-sarkar-98/CaptureEasy/issues/4/comments","events_url":"https://api.github.com/repos/souvik-sarkar-98/CaptureEasy/issues/4/events","html_url":"https://github.com/souvik-sarkar-98/CaptureEasy/issues/4","id":694252792,"node_id":"MDU6SXNzdWU2OTQyNTI3OTI=","number":4,"title":"ok google","user":{"login":"souvik-sarkar-98","id":59085419,"node_id":"MDQ6VXNlcjU5MDg1NDE5","avatar_url":"https://avatars2.githubusercontent.com/u/59085419?v=4","gravatar_id":"","url":"https://api.github.com/users/souvik-sarkar-98","html_url":"https://github.com/souvik-sarkar-98","followers_url":"https://api.github.com/users/souvik-sarkar-98/followers","following_url":"https://api.github.com/users/souvik-sarkar-98/following{/other_user}","gists_url":"https://api.github.com/users/souvik-sarkar-98/gists{/gist_id}","starred_url":"https://api.github.com/users/souvik-sarkar-98/starred{/owner}{/repo}","subscriptions_url":"https://api.github.com/users/souvik-sarkar-98/subscriptions","organizations_url":"https://api.github.com/users/souvik-sarkar-98/orgs","repos_url":"https://api.github.com/users/souvik-sarkar-98/repos","events_url":"https://api.github.com/users/souvik-sarkar-98/events{/privacy}","received_events_url":"https://api.github.com/users/souvik-sarkar-98/received_events","type":"User","site_admin":false},"labels":[],"state":"open","locked":false,"assignee":null,"assignees":[],"milestone":null,"comments":0,"created_at":"2020-09-06T05:04:48Z","updated_at":"2020-09-06T05:04:48Z","closed_at":null,"author_association":"OWNER","active_lock_reason":null,"body":"facing issues","performed_via_github_app":null},{"url":"https://api.github.com/repos/souvik-sarkar-98/CaptureEasy/issues/3","repository_url":"https://api.github.com/repos/souvik-sarkar-98/CaptureEasy","labels_url":"https://api.github.com/repos/souvik-sarkar-98/CaptureEasy/issues/3/labels{/name}","comments_url":"https://api.github.com/repos/souvik-sarkar-98/CaptureEasy/issues/3/comments","events_url":"https://api.github.com/repos/souvik-sarkar-98/CaptureEasy/issues/3/events","html_url":"https://github.com/souvik-sarkar-98/CaptureEasy/issues/3","id":694251186,"node_id":"MDU6SXNzdWU2OTQyNTExODY=","number":3,"title":"ok google","user":{"login":"souvik-sarkar-98","id":59085419,"node_id":"MDQ6VXNlcjU5MDg1NDE5","avatar_url":"https://avatars2.githubusercontent.com/u/59085419?v=4","gravatar_id":"","url":"https://api.github.com/users/souvik-sarkar-98","html_url":"https://github.com/souvik-sarkar-98","followers_url":"https://api.github.com/users/souvik-sarkar-98/followers","following_url":"https://api.github.com/users/souvik-sarkar-98/following{/other_user}","gists_url":"https://api.github.com/users/souvik-sarkar-98/gists{/gist_id}","starred_url":"https://api.github.com/users/souvik-sarkar-98/starred{/owner}{/repo}","subscriptions_url":"https://api.github.com/users/souvik-sarkar-98/subscriptions","organizations_url":"https://api.github.com/users/souvik-sarkar-98/orgs","repos_url":"https://api.github.com/users/souvik-sarkar-98/repos","events_url":"https://api.github.com/users/souvik-sarkar-98/events{/privacy}","received_events_url":"https://api.github.com/users/souvik-sarkar-98/received_events","type":"User","site_admin":false},"labels":[],"state":"closed","locked":false,"assignee":null,"assignees":[],"milestone":null,"comments":1,"created_at":"2020-09-06T04:55:26Z","updated_at":"2020-09-06T04:58:52Z","closed_at":"2020-09-06T04:58:47Z","author_association":"OWNER","active_lock_reason":null,"body":"facing issues","performed_via_github_app":null},{"url":"https://api.github.com/repos/souvik-sarkar-98/CaptureEasy/issues/2","repository_url":"https://api.github.com/repos/souvik-sarkar-98/CaptureEasy","labels_url":"https://api.github.com/repos/souvik-sarkar-98/CaptureEasy/issues/2/labels{/name}","comments_url":"https://api.github.com/repos/souvik-sarkar-98/CaptureEasy/issues/2/comments","events_url":"https://api.github.com/repos/souvik-sarkar-98/CaptureEasy/issues/2/events","html_url":"https://github.com/souvik-sarkar-98/CaptureEasy/issues/2","id":694250230,"node_id":"MDU6SXNzdWU2OTQyNTAyMzA=","number":2,"title":"Imported from some other system","user":{"login":"souvik-sarkar-98","id":59085419,"node_id":"MDQ6VXNlcjU5MDg1NDE5","avatar_url":"https://avatars2.githubusercontent.com/u/59085419?v=4","gravatar_id":"","url":"https://api.github.com/users/souvik-sarkar-98","html_url":"https://github.com/souvik-sarkar-98","followers_url":"https://api.github.com/users/souvik-sarkar-98/followers","following_url":"https://api.github.com/users/souvik-sarkar-98/following{/other_user}","gists_url":"https://api.github.com/users/souvik-sarkar-98/gists{/gist_id}","starred_url":"https://api.github.com/users/souvik-sarkar-98/starred{/owner}{/repo}","subscriptions_url":"https://api.github.com/users/souvik-sarkar-98/subscriptions","organizations_url":"https://api.github.com/users/souvik-sarkar-98/orgs","repos_url":"https://api.github.com/users/souvik-sarkar-98/repos","events_url":"https://api.github.com/users/souvik-sarkar-98/events{/privacy}","received_events_url":"https://api.github.com/users/souvik-sarkar-98/received_events","type":"User","site_admin":false},"labels":[],"state":"open","locked":false,"assignee":null,"assignees":[],"milestone":null,"comments":0,"created_at":"2020-09-06T04:49:21Z","updated_at":"2020-09-06T04:49:21Z","closed_at":null,"author_association":"OWNER","active_lock_reason":null,"body":"...","performed_via_github_app":null},{"url":"https://api.github.com/repos/souvik-sarkar-98/CaptureEasy/issues/1","repository_url":"https://api.github.com/repos/souvik-sarkar-98/CaptureEasy","labels_url":"https://api.github.com/repos/souvik-sarkar-98/CaptureEasy/issues/1/labels{/name}","comments_url":"https://api.github.com/repos/souvik-sarkar-98/CaptureEasy/issues/1/comments","events_url":"https://api.github.com/repos/souvik-sarkar-98/CaptureEasy/issues/1/events","html_url":"https://github.com/souvik-sarkar-98/CaptureEasy/issues/1","id":694249945,"node_id":"MDU6SXNzdWU2OTQyNDk5NDU=","number":1,"title":"Imported from some other system","user":{"login":"souvik-sarkar-98","id":59085419,"node_id":"MDQ6VXNlcjU5MDg1NDE5","avatar_url":"https://avatars2.githubusercontent.com/u/59085419?v=4","gravatar_id":"","url":"https://api.github.com/users/souvik-sarkar-98","html_url":"https://github.com/souvik-sarkar-98","followers_url":"https://api.github.com/users/souvik-sarkar-98/followers","following_url":"https://api.github.com/users/souvik-sarkar-98/following{/other_user}","gists_url":"https://api.github.com/users/souvik-sarkar-98/gists{/gist_id}","starred_url":"https://api.github.com/users/souvik-sarkar-98/starred{/owner}{/repo}","subscriptions_url":"https://api.github.com/users/souvik-sarkar-98/subscriptions","organizations_url":"https://api.github.com/users/souvik-sarkar-98/orgs","repos_url":"https://api.github.com/users/souvik-sarkar-98/repos","events_url":"https://api.github.com/users/souvik-sarkar-98/events{/privacy}","received_events_url":"https://api.github.com/users/souvik-sarkar-98/received_events","type":"User","site_admin":false},"labels":[],"state":"open","locked":false,"assignee":null,"assignees":[],"milestone":null,"comments":0,"created_at":"2020-09-06T04:47:51Z","updated_at":"2020-09-06T04:47:51Z","closed_at":null,"author_association":"OWNER","active_lock_reason":null,"body":null,"performed_via_github_app":null}]
.
[24 Sep 2020 09:56:34.367]  |void terminationLogic() Method successfully executed within 875 milisecond.
[24 Sep 2020 09:56:35.397]  |void unloadMenu() Method from mouseClicked[BugPanel.java:234] called with [] at 2020-09-24 09:56:35.397
[24 Sep 2020 09:56:35.416]  |void unloadMenu() Method successfully executed within 19 milisecond.
[24 Sep 2020 09:56:35.416]  |void unloadBugs() Method from mouseClicked[BugPanel.java:235] called with [] at 2020-09-24 09:56:35.416
[24 Sep 2020 09:56:35.416]  |void unloadBugs() Method successfully executed within 0 milisecond.
[24 Sep 2020 09:56:35.416]  |void loadNewBug() Method from mouseClicked[BugPanel.java:236] called with [] at 2020-09-24 09:56:35.416
[24 Sep 2020 09:56:35.746]  |void loadNewBug() Method successfully executed within 330 milisecond.
[24 Sep 2020 09:57:48.085]  |boolean validateBug() Method from actionPerformed[BugPanel.java:343] called with [] at 2020-09-24 09:57:48.084
[24 Sep 2020 09:57:48.086]  |boolean validateBug() Method successfully executed within 2 milisecond and returned  false.
[24 Sep 2020 09:57:52.241]  |boolean validateBug() Method from actionPerformed[BugPanel.java:343] called with [] at 2020-09-24 09:57:52.241
[24 Sep 2020 09:57:52.241]  |	 void PopUpInit(String title,String PopUpType,String text,String OkButton_Text,String cancelButton_Text) Method from <init>[PopUp.java:63] called with [Validation Failed, error, Please upload PROCESS_LOG_2020-09-24.log. It is allways better to upload all log files., Ok, I understood, ] at 2020-09-24 09:57:52.241
[24 Sep 2020 09:57:52.470]  |	 void PopUpInit(String title,String PopUpType,String text,String OkButton_Text,String cancelButton_Text) Method successfully executed within 229 milisecond.
[24 Sep 2020 09:57:52.480]  |boolean validateBug() Method successfully executed within 239 milisecond and returned  false.
[24 Sep 2020 09:58:22.920]  |JButton access$0(BugPanel arg0) Method from actionPerformed[BugPanel.java:438] called with [app.captureEasy.UI.BugPanel@3e7572c3] at 2020-09-24 09:58:22.92
[24 Sep 2020 09:58:22.920]  |JButton access$0(BugPanel arg0) Method successfully executed within 0 milisecond and returned  javax.swing.JButton[,369,200,30x35,alignmentX=0.0,alignmentY=0.5,border=javax.swing.plaf.BorderUIResource$CompoundBorderUIResource@328fb2d3,flags=296,maximumSize=,minimumSize=,preferredSize=,defaultIcon=javax.swing.ImageIcon@38e6249f,disabledIcon=,disabledSelectedIcon=,margin=javax.swing.plaf.InsetsUIResource[top=2,left=14,bottom=2,right=14],paintBorder=true,paintFocus=true,pressedIcon=,rolloverEnabled=true,rolloverIcon=,rolloverSelectedIcon=,selectedIcon=,text=,defaultCapable=true].
[24 Sep 2020 09:58:27.422]  |boolean validateBug() Method from actionPerformed[BugPanel.java:343] called with [] at 2020-09-24 09:58:27.421
[24 Sep 2020 09:58:27.423]  |boolean validateBug() Method successfully executed within 1 milisecond and returned  true.
[24 Sep 2020 09:58:27.423]  |int submitBug() Method from actionPerformed[BugPanel.java:344] called with [] at 2020-09-24 09:58:27.423
[24 Sep 2020 09:58:27.423]  |	 int getUniqueId() Method from submitBug[BugPanel.java:579] called with [] at 2020-09-24 09:58:27.423
[24 Sep 2020 09:58:27.423]  |	 int getUniqueId() Method successfully executed within 0 milisecond and returned  24360.
[24 Sep 2020 09:58:27.447]  |	 StringBuilder HttpPost(String URL,HashMap headers,String body) Method from submitBug[BugPanel.java:586] called with [https://api.github.com/repos/souvik-sarkar-98/CaptureEasy/issues, {Accept=application/vnd.github.v3+json}, {"title":"Application is not opening","body":"-><b>User Id<\/b>: 24360\n-><b>App Version<\/b>: V_0.7\n-><b>Area<\/b>: Launch\n-><b>Description<\/b>: Issue  exists for me also\n\nPlease help\n"}] at 2020-09-24 09:58:27.443
[24 Sep 2020 09:58:28.489]  |	 StringBuilder HttpPost(String URL,HashMap headers,String body) Method successfully executed within 1046 milisecond and returned  {"url":"https://api.github.com/repos/souvik-sarkar-98/CaptureEasy/issues/26","repository_url":"https://api.github.com/repos/souvik-sarkar-98/CaptureEasy","labels_url":"https://api.github.com/repos/souvik-sarkar-98/CaptureEasy/issues/26/labels{/name}","comments_url":"https://api.github.com/repos/souvik-sarkar-98/CaptureEasy/issues/26/comments","events_url":"https://api.github.com/repos/souvik-sarkar-98/CaptureEasy/issues/26/events","html_url":"https://github.com/souvik-sarkar-98/CaptureEasy/issues/26","id":707843520,"node_id":"MDU6SXNzdWU3MDc4NDM1MjA=","number":26,"title":"Application is not opening","user":{"login":"CaptureEasyUser","id":71650165,"node_id":"MDQ6VXNlcjcxNjUwMTY1","avatar_url":"https://avatars2.githubusercontent.com/u/71650165?v=4","gravatar_id":"","url":"https://api.github.com/users/CaptureEasyUser","html_url":"https://github.com/CaptureEasyUser","followers_url":"https://api.github.com/users/CaptureEasyUser/followers","following_url":"https://api.github.com/users/CaptureEasyUser/following{/other_user}","gists_url":"https://api.github.com/users/CaptureEasyUser/gists{/gist_id}","starred_url":"https://api.github.com/users/CaptureEasyUser/starred{/owner}{/repo}","subscriptions_url":"https://api.github.com/users/CaptureEasyUser/subscriptions","organizations_url":"https://api.github.com/users/CaptureEasyUser/orgs","repos_url":"https://api.github.com/users/CaptureEasyUser/repos","events_url":"https://api.github.com/users/CaptureEasyUser/events{/privacy}","received_events_url":"https://api.github.com/users/CaptureEasyUser/received_events","type":"User","site_admin":false},"labels":[],"state":"open","locked":false,"assignee":null,"assignees":[],"milestone":null,"comments":0,"created_at":"2020-09-24T04:28:28Z","updated_at":"2020-09-24T04:28:28Z","closed_at":null,"author_association":"CONTRIBUTOR","active_lock_reason":null,"body":"-><b>User Id</b>: 24360\n-><b>App Version</b>: V_0.7\n-><b>Area</b>: Launch\n-><b>Description</b>: Issue  exists for me also\n\nPlease help\n","closed_by":null,"performed_via_github_app":null}
.
