[23 Sep 2020 12:18:06.636]  User Message: Exception Occured on connecting web server...

Exception Class : java.net.UnknownHostException
Exception Message : api.github.com
Exception Cause : null

StackTrace:
	java.net.AbstractPlainSocketImpl.connect(Unknown Source)
	java.net.PlainSocketImpl.connect(Unknown Source)
	java.net.SocksSocketImpl.connect(Unknown Source)
	java.net.Socket.connect(Unknown Source)
	sun.security.ssl.SSLSocketImpl.connect(Unknown Source)
	sun.security.ssl.BaseSSLSocketImpl.connect(Unknown Source)
	sun.net.NetworkClient.doConnect(Unknown Source)
	sun.net.www.http.HttpClient.openServer(Unknown Source)
	sun.net.www.http.HttpClient.openServer(Unknown Source)
	sun.net.www.protocol.https.HttpsClient.<init>(Unknown Source)
	sun.net.www.protocol.https.HttpsClient.New(Unknown Source)
	sun.net.www.protocol.https.AbstractDelegateHttpsURLConnection.getNewHttpClient(Unknown Source)
	sun.net.www.protocol.http.HttpURLConnection.plainConnect0(Unknown Source)
	sun.net.www.protocol.http.HttpURLConnection.plainConnect(Unknown Source)
	sun.net.www.protocol.https.AbstractDelegateHttpsURLConnection.connect(Unknown Source)
	sun.net.www.protocol.http.HttpURLConnection.getInputStream0(Unknown Source)
	sun.net.www.protocol.http.HttpURLConnection.getInputStream(Unknown Source)
	sun.net.www.protocol.https.HttpsURLConnectionImpl.getInputStream(Unknown Source)
	java.net.URL.openStream(Unknown Source)
	app.captureEasy.web.SoftwareUpdate.GET(SoftwareUpdate.java:74)
	app.captureEasy.web.SoftwareUpdate.checkForUpdates(SoftwareUpdate.java:59)
	app.captureEasy.Launch.Application$1.run(Application.java:151)
	java.util.TimerThread.mainLoop(Unknown Source)
	java.util.TimerThread.run(Unknown Source)

[23 Sep 2020 12:29:16.105]  User Message: Exception Occured on connecting web server...

Exception Class : java.net.UnknownHostException
Exception Message : api.github.com
Exception Cause : null

StackTrace:
	java.net.AbstractPlainSocketImpl.connect(Unknown Source)
	java.net.PlainSocketImpl.connect(Unknown Source)
	java.net.SocksSocketImpl.connect(Unknown Source)
	java.net.Socket.connect(Unknown Source)
	sun.security.ssl.SSLSocketImpl.connect(Unknown Source)
	sun.security.ssl.BaseSSLSocketImpl.connect(Unknown Source)
	sun.net.NetworkClient.doConnect(Unknown Source)
	sun.net.www.http.HttpClient.openServer(Unknown Source)
	sun.net.www.http.HttpClient.openServer(Unknown Source)
	sun.net.www.protocol.https.HttpsClient.<init>(Unknown Source)
	sun.net.www.protocol.https.HttpsClient.New(Unknown Source)
	sun.net.www.protocol.https.AbstractDelegateHttpsURLConnection.getNewHttpClient(Unknown Source)
	sun.net.www.protocol.http.HttpURLConnection.plainConnect0(Unknown Source)
	sun.net.www.protocol.http.HttpURLConnection.plainConnect(Unknown Source)
	sun.net.www.protocol.https.AbstractDelegateHttpsURLConnection.connect(Unknown Source)
	sun.net.www.protocol.http.HttpURLConnection.getInputStream0(Unknown Source)
	sun.net.www.protocol.http.HttpURLConnection.getInputStream(Unknown Source)
	sun.net.www.protocol.https.HttpsURLConnectionImpl.getInputStream(Unknown Source)
	java.net.URL.openStream(Unknown Source)
	app.captureEasy.web.SoftwareUpdate.GET(SoftwareUpdate.java:74)
	app.captureEasy.web.SoftwareUpdate.checkForUpdates(SoftwareUpdate.java:59)
	app.captureEasy.Launch.Application$1.run(Application.java:151)
	java.util.TimerThread.mainLoop(Unknown Source)
	java.util.TimerThread.run(Unknown Source)

[23 Sep 2020 12:31:52.366]  User Message: Exception Occured on connecting web server...

Exception Class : java.net.UnknownHostException
Exception Message : api.github.com
Exception Cause : null

StackTrace:
	java.net.AbstractPlainSocketImpl.connect(Unknown Source)
	java.net.PlainSocketImpl.connect(Unknown Source)
	java.net.SocksSocketImpl.connect(Unknown Source)
	java.net.Socket.connect(Unknown Source)
	sun.security.ssl.SSLSocketImpl.connect(Unknown Source)
	sun.security.ssl.BaseSSLSocketImpl.connect(Unknown Source)
	sun.net.NetworkClient.doConnect(Unknown Source)
	sun.net.www.http.HttpClient.openServer(Unknown Source)
	sun.net.www.http.HttpClient.openServer(Unknown Source)
	sun.net.www.protocol.https.HttpsClient.<init>(Unknown Source)
	sun.net.www.protocol.https.HttpsClient.New(Unknown Source)
	sun.net.www.protocol.https.AbstractDelegateHttpsURLConnection.getNewHttpClient(Unknown Source)
	sun.net.www.protocol.http.HttpURLConnection.plainConnect0(Unknown Source)
	sun.net.www.protocol.http.HttpURLConnection.plainConnect(Unknown Source)
	sun.net.www.protocol.https.AbstractDelegateHttpsURLConnection.connect(Unknown Source)
	sun.net.www.protocol.http.HttpURLConnection.getInputStream0(Unknown Source)
	sun.net.www.protocol.http.HttpURLConnection.getInputStream(Unknown Source)
	sun.net.www.protocol.https.HttpsURLConnectionImpl.getInputStream(Unknown Source)
	java.net.URL.openStream(Unknown Source)
	app.captureEasy.web.SoftwareUpdate.GET(SoftwareUpdate.java:74)
	app.captureEasy.web.SoftwareUpdate.checkForUpdates(SoftwareUpdate.java:59)
	app.captureEasy.Launch.Application$1.run(Application.java:151)
	java.util.TimerThread.mainLoop(Unknown Source)
	java.util.TimerThread.run(Unknown Source)

[23 Sep 2020 12:34:50.900]  User Message: Exception Occured on connecting web server...

Exception Class : java.net.UnknownHostException
Exception Message : api.github.com
Exception Cause : null

StackTrace:
	java.net.AbstractPlainSocketImpl.connect(Unknown Source)
	java.net.PlainSocketImpl.connect(Unknown Source)
	java.net.SocksSocketImpl.connect(Unknown Source)
	java.net.Socket.connect(Unknown Source)
	sun.security.ssl.SSLSocketImpl.connect(Unknown Source)
	sun.security.ssl.BaseSSLSocketImpl.connect(Unknown Source)
	sun.net.NetworkClient.doConnect(Unknown Source)
	sun.net.www.http.HttpClient.openServer(Unknown Source)
	sun.net.www.http.HttpClient.openServer(Unknown Source)
	sun.net.www.protocol.https.HttpsClient.<init>(Unknown Source)
	sun.net.www.protocol.https.HttpsClient.New(Unknown Source)
	sun.net.www.protocol.https.AbstractDelegateHttpsURLConnection.getNewHttpClient(Unknown Source)
	sun.net.www.protocol.http.HttpURLConnection.plainConnect0(Unknown Source)
	sun.net.www.protocol.http.HttpURLConnection.plainConnect(Unknown Source)
	sun.net.www.protocol.https.AbstractDelegateHttpsURLConnection.connect(Unknown Source)
	sun.net.www.protocol.http.HttpURLConnection.getInputStream0(Unknown Source)
	sun.net.www.protocol.http.HttpURLConnection.getInputStream(Unknown Source)
	sun.net.www.protocol.https.HttpsURLConnectionImpl.getInputStream(Unknown Source)
	java.net.URL.openStream(Unknown Source)
	app.captureEasy.web.SoftwareUpdate.GET(SoftwareUpdate.java:74)
	app.captureEasy.web.SoftwareUpdate.checkForUpdates(SoftwareUpdate.java:59)
	app.captureEasy.Launch.Application$1.run(Application.java:151)
	java.util.TimerThread.mainLoop(Unknown Source)
	java.util.TimerThread.run(Unknown Source)

[23 Sep 2020 12:35:56.139]  User Message: Exception Occured on connecting web server...

Exception Class : java.net.UnknownHostException
Exception Message : api.github.com
Exception Cause : null

StackTrace:
	java.net.AbstractPlainSocketImpl.connect(Unknown Source)
	java.net.PlainSocketImpl.connect(Unknown Source)
	java.net.SocksSocketImpl.connect(Unknown Source)
	java.net.Socket.connect(Unknown Source)
	sun.security.ssl.SSLSocketImpl.connect(Unknown Source)
	sun.security.ssl.BaseSSLSocketImpl.connect(Unknown Source)
	sun.net.NetworkClient.doConnect(Unknown Source)
	sun.net.www.http.HttpClient.openServer(Unknown Source)
	sun.net.www.http.HttpClient.openServer(Unknown Source)
	sun.net.www.protocol.https.HttpsClient.<init>(Unknown Source)
	sun.net.www.protocol.https.HttpsClient.New(Unknown Source)
	sun.net.www.protocol.https.AbstractDelegateHttpsURLConnection.getNewHttpClient(Unknown Source)
	sun.net.www.protocol.http.HttpURLConnection.plainConnect0(Unknown Source)
	sun.net.www.protocol.http.HttpURLConnection.plainConnect(Unknown Source)
	sun.net.www.protocol.https.AbstractDelegateHttpsURLConnection.connect(Unknown Source)
	sun.net.www.protocol.http.HttpURLConnection.getInputStream0(Unknown Source)
	sun.net.www.protocol.http.HttpURLConnection.getInputStream(Unknown Source)
	sun.net.www.protocol.https.HttpsURLConnectionImpl.getInputStream(Unknown Source)
	java.net.URL.openStream(Unknown Source)
	app.captureEasy.web.SoftwareUpdate.GET(SoftwareUpdate.java:74)
	app.captureEasy.web.SoftwareUpdate.checkForUpdates(SoftwareUpdate.java:59)
	app.captureEasy.Launch.Application$1.run(Application.java:151)
	java.util.TimerThread.mainLoop(Unknown Source)
	java.util.TimerThread.run(Unknown Source)

[23 Sep 2020 12:37:02.370]  User Message: java.awt.image.RasterFormatException Exception occured while taking screenshot

Exception Class : java.awt.image.RasterFormatException
Exception Message : x lies outside raster
Exception Cause : null

StackTrace:
	sun.awt.image.IntegerInterleavedRaster.createWritableChild(Unknown Source)
	java.awt.image.BufferedImage.getSubimage(Unknown Source)
	app.captureEasy.Resources.Library.captureScreen(Library.java:387)
	app.captureEasy.UI.SnippingTool$MainPanel$1.actionPerformed(SnippingTool.java:25)
	javax.swing.AbstractButton.fireActionPerformed(Unknown Source)
	javax.swing.AbstractButton$Handler.actionPerformed(Unknown Source)
	javax.swing.DefaultButtonModel.fireActionPerformed(Unknown Source)
	javax.swing.DefaultButtonModel.setPressed(Unknown Source)
	javax.swing.plaf.basic.BasicButtonListener.mouseReleased(Unknown Source)
	java.awt.Component.processMouseEvent(Unknown Source)
	javax.swing.JComponent.processMouseEvent(Unknown Source)
	java.awt.Component.processEvent(Unknown Source)
	java.awt.Container.processEvent(Unknown Source)
	java.awt.Component.dispatchEventImpl(Unknown Source)
	java.awt.Container.dispatchEventImpl(Unknown Source)
	java.awt.Component.dispatchEvent(Unknown Source)
	java.awt.LightweightDispatcher.retargetMouseEvent(Unknown Source)
	java.awt.LightweightDispatcher.processMouseEvent(Unknown Source)
	java.awt.LightweightDispatcher.dispatchEvent(Unknown Source)
	java.awt.Container.dispatchEventImpl(Unknown Source)
	java.awt.Window.dispatchEventImpl(Unknown Source)
	java.awt.Component.dispatchEvent(Unknown Source)
	java.awt.EventQueue.dispatchEventImpl(Unknown Source)
	java.awt.EventQueue.access$500(Unknown Source)
	java.awt.EventQueue$3.run(Unknown Source)
	java.awt.EventQueue$3.run(Unknown Source)
	java.security.AccessController.doPrivileged(Native Method)
	java.security.ProtectionDomain$JavaSecurityAccessImpl.doIntersectionPrivilege(Unknown Source)
	java.security.ProtectionDomain$JavaSecurityAccessImpl.doIntersectionPrivilege(Unknown Source)
	java.awt.EventQueue$4.run(Unknown Source)
	java.awt.EventQueue$4.run(Unknown Source)
	java.security.AccessController.doPrivileged(Native Method)
	java.security.ProtectionDomain$JavaSecurityAccessImpl.doIntersectionPrivilege(Unknown Source)
	java.awt.EventQueue.dispatchEvent(Unknown Source)
	java.awt.EventDispatchThread.pumpOneEventForFilters(Unknown Source)
	java.awt.EventDispatchThread.pumpEventsForFilter(Unknown Source)
	java.awt.EventDispatchThread.pumpEventsForHierarchy(Unknown Source)
	java.awt.EventDispatchThread.pumpEvents(Unknown Source)
	java.awt.EventDispatchThread.pumpEvents(Unknown Source)
	java.awt.EventDispatchThread.run(Unknown Source)

[23 Sep 2020 12:37:18.388]  User Message: java.awt.image.RasterFormatException Exception occured while taking screenshot

Exception Class : java.awt.image.RasterFormatException
Exception Message : x lies outside raster
Exception Cause : null

StackTrace:
	sun.awt.image.IntegerInterleavedRaster.createWritableChild(Unknown Source)
	java.awt.image.BufferedImage.getSubimage(Unknown Source)
	app.captureEasy.Resources.Library.captureScreen(Library.java:387)
	app.captureEasy.UI.SnippingTool$MainPanel$1.actionPerformed(SnippingTool.java:25)
	javax.swing.AbstractButton.fireActionPerformed(Unknown Source)
	javax.swing.AbstractButton$Handler.actionPerformed(Unknown Source)
	javax.swing.DefaultButtonModel.fireActionPerformed(Unknown Source)
	javax.swing.DefaultButtonModel.setPressed(Unknown Source)
	javax.swing.plaf.basic.BasicButtonListener.mouseReleased(Unknown Source)
	java.awt.Component.processMouseEvent(Unknown Source)
	javax.swing.JComponent.processMouseEvent(Unknown Source)
	java.awt.Component.processEvent(Unknown Source)
	java.awt.Container.processEvent(Unknown Source)
	java.awt.Component.dispatchEventImpl(Unknown Source)
	java.awt.Container.dispatchEventImpl(Unknown Source)
	java.awt.Component.dispatchEvent(Unknown Source)
	java.awt.LightweightDispatcher.retargetMouseEvent(Unknown Source)
	java.awt.LightweightDispatcher.processMouseEvent(Unknown Source)
	java.awt.LightweightDispatcher.dispatchEvent(Unknown Source)
	java.awt.Container.dispatchEventImpl(Unknown Source)
	java.awt.Window.dispatchEventImpl(Unknown Source)
	java.awt.Component.dispatchEvent(Unknown Source)
	java.awt.EventQueue.dispatchEventImpl(Unknown Source)
	java.awt.EventQueue.access$500(Unknown Source)
	java.awt.EventQueue$3.run(Unknown Source)
	java.awt.EventQueue$3.run(Unknown Source)
	java.security.AccessController.doPrivileged(Native Method)
	java.security.ProtectionDomain$JavaSecurityAccessImpl.doIntersectionPrivilege(Unknown Source)
	java.security.ProtectionDomain$JavaSecurityAccessImpl.doIntersectionPrivilege(Unknown Source)
	java.awt.EventQueue$4.run(Unknown Source)
	java.awt.EventQueue$4.run(Unknown Source)
	java.security.AccessController.doPrivileged(Native Method)
	java.security.ProtectionDomain$JavaSecurityAccessImpl.doIntersectionPrivilege(Unknown Source)
	java.awt.EventQueue.dispatchEvent(Unknown Source)
	java.awt.EventDispatchThread.pumpOneEventForFilters(Unknown Source)
	java.awt.EventDispatchThread.pumpEventsForFilter(Unknown Source)
	java.awt.EventDispatchThread.pumpEventsForHierarchy(Unknown Source)
	java.awt.EventDispatchThread.pumpEvents(Unknown Source)
	java.awt.EventDispatchThread.pumpEvents(Unknown Source)
	java.awt.EventDispatchThread.run(Unknown Source)

[23 Sep 2020 12:40:43.616]  User Message: Exception Occured on connecting web server...

Exception Class : java.net.UnknownHostException
Exception Message : api.github.com
Exception Cause : null

StackTrace:
	java.net.AbstractPlainSocketImpl.connect(Unknown Source)
	java.net.PlainSocketImpl.connect(Unknown Source)
	java.net.SocksSocketImpl.connect(Unknown Source)
	java.net.Socket.connect(Unknown Source)
	sun.security.ssl.SSLSocketImpl.connect(Unknown Source)
	sun.security.ssl.BaseSSLSocketImpl.connect(Unknown Source)
	sun.net.NetworkClient.doConnect(Unknown Source)
	sun.net.www.http.HttpClient.openServer(Unknown Source)
	sun.net.www.http.HttpClient.openServer(Unknown Source)
	sun.net.www.protocol.https.HttpsClient.<init>(Unknown Source)
	sun.net.www.protocol.https.HttpsClient.New(Unknown Source)
	sun.net.www.protocol.https.AbstractDelegateHttpsURLConnection.getNewHttpClient(Unknown Source)
	sun.net.www.protocol.http.HttpURLConnection.plainConnect0(Unknown Source)
	sun.net.www.protocol.http.HttpURLConnection.plainConnect(Unknown Source)
	sun.net.www.protocol.https.AbstractDelegateHttpsURLConnection.connect(Unknown Source)
	sun.net.www.protocol.http.HttpURLConnection.getInputStream0(Unknown Source)
	sun.net.www.protocol.http.HttpURLConnection.getInputStream(Unknown Source)
	sun.net.www.protocol.https.HttpsURLConnectionImpl.getInputStream(Unknown Source)
	java.net.URL.openStream(Unknown Source)
	app.captureEasy.web.SoftwareUpdate.GET(SoftwareUpdate.java:74)
	app.captureEasy.web.SoftwareUpdate.checkForUpdates(SoftwareUpdate.java:59)
	app.captureEasy.Launch.Application$1.run(Application.java:151)
	java.util.TimerThread.mainLoop(Unknown Source)
	java.util.TimerThread.run(Unknown Source)

[23 Sep 2020 12:40:43.618]  User Message: org.json.JSONException Exception occured while fetching Issues

Exception Class : org.json.JSONException
Exception Message : A JSONArray text must start with '[' at 1 [character 2 line 1]
Exception Cause : null

StackTrace:
	org.json.JSONTokener.syntaxError(JSONTokener.java:432)
	org.json.JSONArray.<init>(JSONArray.java:107)
	org.json.JSONArray.<init>(JSONArray.java:145)
	app.captureEasy.UI.BugTableModel.<init>(BugPanel.java:727)
	app.captureEasy.UI.BugPanel$17.run(BugPanel.java:673)
	java.awt.event.InvocationEvent.dispatch(Unknown Source)
	java.awt.EventQueue.dispatchEventImpl(Unknown Source)
	java.awt.EventQueue.access$500(Unknown Source)
	java.awt.EventQueue$3.run(Unknown Source)
	java.awt.EventQueue$3.run(Unknown Source)
	java.security.AccessController.doPrivileged(Native Method)
	java.security.ProtectionDomain$JavaSecurityAccessImpl.doIntersectionPrivilege(Unknown Source)
	java.awt.EventQueue.dispatchEvent(Unknown Source)
	java.awt.EventDispatchThread.pumpOneEventForFilters(Unknown Source)
	java.awt.EventDispatchThread.pumpEventsForFilter(Unknown Source)
	java.awt.EventDispatchThread.pumpEventsForHierarchy(Unknown Source)
	java.awt.EventDispatchThread.pumpEvents(Unknown Source)
	java.awt.EventDispatchThread.pumpEvents(Unknown Source)
	java.awt.EventDispatchThread.run(Unknown Source)

[23 Sep 2020 12:56:17.295]  User Message: org.json.JSONException Exception occured while Creating New Issues

Exception Class : org.json.JSONException
Exception Message : JSONObject["id"] not found.
Exception Cause : null

StackTrace:
	org.json.JSONObject.get(JSONObject.java:454)
	org.json.JSONObject.getInt(JSONObject.java:514)
	app.captureEasy.UI.BugPanel.submitBug(BugPanel.java:553)
	app.captureEasy.UI.BugPanel$10.actionPerformed(BugPanel.java:340)
	javax.swing.AbstractButton.fireActionPerformed(Unknown Source)
	javax.swing.AbstractButton$Handler.actionPerformed(Unknown Source)
	javax.swing.DefaultButtonModel.fireActionPerformed(Unknown Source)
	javax.swing.DefaultButtonModel.setPressed(Unknown Source)
	javax.swing.plaf.basic.BasicButtonListener.mouseReleased(Unknown Source)
	java.awt.Component.processMouseEvent(Unknown Source)
	javax.swing.JComponent.processMouseEvent(Unknown Source)
	java.awt.Component.processEvent(Unknown Source)
	java.awt.Container.processEvent(Unknown Source)
	java.awt.Component.dispatchEventImpl(Unknown Source)
	java.awt.Container.dispatchEventImpl(Unknown Source)
	java.awt.Component.dispatchEvent(Unknown Source)
	java.awt.LightweightDispatcher.retargetMouseEvent(Unknown Source)
	java.awt.LightweightDispatcher.processMouseEvent(Unknown Source)
	java.awt.LightweightDispatcher.dispatchEvent(Unknown Source)
	java.awt.Container.dispatchEventImpl(Unknown Source)
	java.awt.Window.dispatchEventImpl(Unknown Source)
	java.awt.Component.dispatchEvent(Unknown Source)
	java.awt.EventQueue.dispatchEventImpl(Unknown Source)
	java.awt.EventQueue.access$500(Unknown Source)
	java.awt.EventQueue$3.run(Unknown Source)
	java.awt.EventQueue$3.run(Unknown Source)
	java.security.AccessController.doPrivileged(Native Method)
	java.security.ProtectionDomain$JavaSecurityAccessImpl.doIntersectionPrivilege(Unknown Source)
	java.security.ProtectionDomain$JavaSecurityAccessImpl.doIntersectionPrivilege(Unknown Source)
	java.awt.EventQueue$4.run(Unknown Source)
	java.awt.EventQueue$4.run(Unknown Source)
	java.security.AccessController.doPrivileged(Native Method)
	java.security.ProtectionDomain$JavaSecurityAccessImpl.doIntersectionPrivilege(Unknown Source)
	java.awt.EventQueue.dispatchEvent(Unknown Source)
	java.awt.EventDispatchThread.pumpOneEventForFilters(Unknown Source)
	java.awt.EventDispatchThread.pumpEventsForFilter(Unknown Source)
	java.awt.EventDispatchThread.pumpEventsForHierarchy(Unknown Source)
	java.awt.EventDispatchThread.pumpEvents(Unknown Source)
	java.awt.EventDispatchThread.pumpEvents(Unknown Source)
	java.awt.EventDispatchThread.run(Unknown Source)

